<?xml version="1.0" encoding="UTF-8"?>
<testsuites name="Estimate" time="15705" tests="12" failures="2" errors="0">
   <testsuite name="Estimate" tests="12" failures="2" errors="0" time="15705" timestamp="2018-07-12 02:06:55" hostname="nipin - L22622WUS.rpega.com" id="Test Suites/Estimate">
      <properties>
[...]
</properties>
      <testcase name="Test Cases/BEP/TestCases/TC_CreateBEP_EmailOutput_SendEmail_CreateECR" classname="Test Cases/BEP/TestCases/TC_CreateBEP_EmailOutput_SendEmail_CreateECR" status="PASSED">
         <system-out><![CDATA[2018-07-12 02:06:56 - [TEST_CASE][PASSED] - Test Cases/BEP/TestCases/TC_CreateBEP_EmailOutput_SendEmail_CreateECR: Test Cases/BEP/TestCases/TC_CreateBEP_EmailOutput_SendEmail_CreateECR

2018-07-12 02:06:56 - [TEST_STEP][PASSED] - callTestCase: Call Test Case 'Test Cases/BEP/Create_Approve_Reject/Create_BEP_EmailOutput' successfully

2018-07-12 02:06:57 - [TEST_CASE][PASSED] - Test Cases/BEP/Create_Approve_Reject/Create_BEP_EmailOutput: Test Cases/BEP/Create_Approve_Reject/Create_BEP_EmailOutput

2018-07-12 02:06:57 - [TEST_STEP][PASSED] - com.helper.commonfunct.commonutilities.login: com.helper.commonfunct.commonutilities.login is PASSED

2018-07-12 02:07:09 - [MESSAGE][PASSED] - Browser is opened with url: ''

2018-07-12 02:07:12 - [MESSAGE][PASSED] - Navigate to 'https://vdaqa.rpega.com:9030/daqa/PRServlet' successfully

2018-07-12 02:07:25 - [MESSAGE][PASSED] - Text 'hendj@pegasystems.com' is set on object 'Object Repository/Generic/input_UserIdentifier'

2018-07-12 02:07:37 - [MESSAGE][PASSED] - Text 'install' is set on object 'Object Repository/Generic/input_Password'

2018-07-12 02:07:45 - [MESSAGE][PASSED] - Keys 'ENTER + ' sent to object: 'Object Repository/Generic/input_Password'

2018-07-12 02:07:45 - [MESSAGE][PASSED] - com.helper.commonfunct.commonutilities.login is PASSED

2018-07-12 02:07:45 - [TEST_STEP][PASSED] - com.helper.commonfunct.BEP_CommonMethod.Estimate: com.helper.commonfunct.BEP_CommonMethod.Estimate is PASSED

2018-07-12 02:07:49 - [MESSAGE][PASSED] - Current window maximized

2018-07-12 02:07:51 - [MESSAGE][PASSED] - Delayed 2 second(s)

2018-07-12 02:07:57 - [MESSAGE][PASSED] - Object: 'Object Repository/Generic/New' is clicked on

2018-07-12 02:08:01 - [MESSAGE][PASSED] - Delayed 4 second(s)

2018-07-12 02:08:12 - [MESSAGE][PASSED] - Object: 'Object Repository/BEP/Generic/EstimateLink' is clicked on

2018-07-12 02:08:16 - [MESSAGE][PASSED] - Delayed 4 second(s)

2018-07-12 02:08:28 - [MESSAGE][PASSED] - Object: 'Object Repository/ECR/Generic/WOTAB' is clicked on

2018-07-12 02:08:31 - [MESSAGE][PASSED] - Wait for page load successfully

2018-07-12 02:08:42 - [MESSAGE][PASSED] - Delayed 5 second(s)

2018-07-12 02:09:16 - [MESSAGE][WARNING] - Object 'Object Repository/BEP/Generic/import' is not visible after 30 second(s)

2018-07-12 02:09:27 - [MESSAGE][PASSED] - Delayed 5 second(s)

2018-07-12 02:09:33 - [MESSAGE][PASSED] - File 'C:\DAUIAutomation\Data Files\BEP\Estimate.xlsm' sent to object: 'Object Repository/Generic/FilePath'

2018-07-12 02:09:38 - [MESSAGE][PASSED] - Delayed 5 second(s)

2018-07-12 02:09:49 - [MESSAGE][PASSED] - Object: 'Object Repository/Generic/button_Submit' is clicked on

2018-07-12 02:09:59 - [MESSAGE][PASSED] - Delayed 10 second(s)

2018-07-12 02:10:12 - [MESSAGE][PASSED] - Text 'BOFA' is set on object 'Object Repository/Generic/ORG'

2018-07-12 02:10:19 - [MESSAGE][PASSED] - Delayed 7 second(s)

2018-07-12 02:10:25 - [MESSAGE][PASSED] - Keys 'TAB + ' sent to object: 'Object Repository/Generic/ORG'

2018-07-12 02:10:32 - [MESSAGE][PASSED] - Delayed 7 second(s)

2018-07-12 02:10:44 - [MESSAGE][PASSED] - Text 'BOFA' is set on object 'Object Repository/Generic/ACC'

2018-07-12 02:10:51 - [MESSAGE][PASSED] - Delayed 7 second(s)

2018-07-12 02:10:57 - [MESSAGE][PASSED] - Keys 'TAB + ' sent to object: 'Object Repository/Generic/ACC'

2018-07-12 02:11:02 - [MESSAGE][PASSED] - Delayed 5 second(s)

2018-07-12 02:11:10 - [MESSAGE][PASSED] - Text 'The engagement you entered doesn't match' is present on page 

2018-07-12 02:11:22 - [MESSAGE][PASSED] - Text 'AUTOTEST1' is set on object 'Object Repository/Generic/ENG_DESC'

2018-07-12 02:11:27 - [MESSAGE][PASSED] - Delayed 5 second(s)

2018-07-12 02:11:38 - [MESSAGE][PASSED] - Delayed 5 second(s)

2018-07-12 02:12:02 - [MESSAGE][PASSED] - All options with value 'PRD-409' are selected in object 'Object Repository/Generic/PlatformID' 

2018-07-12 02:12:07 - [MESSAGE][PASSED] - Delayed 5 second(s)

2018-07-12 02:12:32 - [MESSAGE][PASSED] - All options with value 'RLS-3176' are selected in object 'Object Repository/Generic/PlatformVersion' 

2018-07-12 02:12:37 - [MESSAGE][PASSED] - Delayed 5 second(s)

2018-07-12 02:12:48 - [MESSAGE][PASSED] - Object: 'Object Repository/Generic/PlatformTrue' is clicked on

2018-07-12 02:12:53 - [MESSAGE][PASSED] - Delayed 5 second(s)

2018-07-12 02:13:14 - [MESSAGE][PASSED] - All options with value 'hendj@pegasystems.com' are selected in object 'Object Repository/EngInfo/PL' 

2018-07-12 02:13:19 - [MESSAGE][PASSED] - Delayed 5 second(s)

2018-07-12 02:13:27 - [MESSAGE][PASSED] - Text 'PL Team Leader' is present on page 

2018-07-12 02:13:48 - [MESSAGE][PASSED] - All options with value 'higgr@pegasystems.com' are selected in object 'Object Repository/EngInfo/PLTL' 

2018-07-12 02:13:53 - [MESSAGE][PASSED] - Delayed 5 second(s)

2018-07-12 02:14:17 - [MESSAGE][PASSED] - All options with value 'waink@pegasystems.com' are selected in object 'Object Repository/EngInfo/RD' 

2018-07-12 02:14:22 - [MESSAGE][PASSED] - Delayed 5 second(s)

2018-07-12 02:14:43 - [MESSAGE][PASSED] - All options with value 'panee@pegasystems.com' are selected in object 'Object Repository/EngInfo/RL' 

2018-07-12 02:14:48 - [MESSAGE][PASSED] - Delayed 5 second(s)

2018-07-12 02:14:54 - [MESSAGE][PASSED] - Scroll to object 'Object Repository/Generic/NEXT_BUTTON' successfully

2018-07-12 02:15:05 - [MESSAGE][PASSED] - Object: 'Object Repository/Generic/NEXT_BUTTON' is clicked on

2018-07-12 02:15:10 - [MESSAGE][PASSED] - Delayed 5 second(s)

2018-07-12 02:15:13 - [MESSAGE][PASSED] - Wait for page load successfully

2018-07-12 02:15:15 - [MESSAGE][PASSED] - Delayed 2 second(s)

2018-07-12 02:15:21 - [MESSAGE][PASSED] - Text of object 'Object Repository/BEP/Generic/DurationLow' is cleared

2018-07-12 02:15:23 - [MESSAGE][PASSED] - Delayed 2 second(s)

2018-07-12 02:15:36 - [MESSAGE][PASSED] - Text '15' is set on object 'Object Repository/BEP/Generic/DurationLow'

2018-07-12 02:15:38 - [MESSAGE][PASSED] - Delayed 2 second(s)

2018-07-12 02:15:44 - [MESSAGE][PASSED] - Text of object 'Object Repository/BEP/Generic/DurationHigh' is cleared

2018-07-12 02:15:46 - [MESSAGE][PASSED] - Delayed 2 second(s)

2018-07-12 02:15:58 - [MESSAGE][PASSED] - Text '15' is set on object 'Object Repository/BEP/Generic/DurationHigh'

2018-07-12 02:16:00 - [MESSAGE][PASSED] - Delayed 2 second(s)

2018-07-12 02:16:06 - [MESSAGE][PASSED] - Text of object 'Object Repository/BEP/Generic/PartnerHoursLow' is cleared

2018-07-12 02:16:08 - [MESSAGE][PASSED] - Delayed 2 second(s)

2018-07-12 02:16:20 - [MESSAGE][PASSED] - Text '15' is set on object 'Object Repository/BEP/Generic/PartnerHoursLow'

2018-07-12 02:16:22 - [MESSAGE][PASSED] - Delayed 2 second(s)

2018-07-12 02:16:28 - [MESSAGE][PASSED] - Text of object 'Object Repository/BEP/Generic/PartnerHoursHigh' is cleared

2018-07-12 02:16:30 - [MESSAGE][PASSED] - Delayed 2 second(s)

2018-07-12 02:16:42 - [MESSAGE][PASSED] - Text '15' is set on object 'Object Repository/BEP/Generic/PartnerHoursHigh'

2018-07-12 02:16:44 - [MESSAGE][PASSED] - Delayed 2 second(s)

2018-07-12 02:16:56 - [MESSAGE][PASSED] - Object: 'Object Repository/BEP/Generic/EstimationMethod' is clicked on

2018-07-12 02:17:01 - [MESSAGE][PASSED] - Delayed 5 second(s)

2018-07-12 02:17:07 - [MESSAGE][PASSED] - Keys 'BSW' sent to object: 'Object Repository/BEP/Generic/EstimationMethod'

2018-07-12 02:17:12 - [MESSAGE][PASSED] - Delayed 5 second(s)

2018-07-12 02:17:18 - [MESSAGE][PASSED] - Scroll to object 'Object Repository/Generic/NEXT_BUTTON' successfully

2018-07-12 02:17:29 - [MESSAGE][PASSED] - Object: 'Object Repository/Generic/NEXT_BUTTON' is clicked on

2018-07-12 02:17:34 - [MESSAGE][PASSED] - Delayed 5 second(s)

2018-07-12 02:17:45 - [MESSAGE][PASSED] - Object: 'Object Repository/BEP/Generic/BEPOutputEmail' is clicked on

2018-07-12 02:17:47 - [MESSAGE][PASSED] - Delayed 2 second(s)

2018-07-12 02:17:58 - [MESSAGE][PASSED] - Object: 'Object Repository/BEP/Generic/RECEIPIENT' is clicked on

2018-07-12 02:18:00 - [MESSAGE][PASSED] - Delayed 2 second(s)

2018-07-12 02:18:12 - [MESSAGE][PASSED] - Object: 'Object Repository/BEP/Generic/AddEmailID' is clicked on

2018-07-12 02:18:14 - [MESSAGE][PASSED] - Delayed 2 second(s)

2018-07-12 02:18:20 - [MESSAGE][PASSED] - Keys 'nagaveni.nipinale@in.pega.com' sent to object: 'Object Repository/BEP/Generic/MAILID_XPATH'

2018-07-12 02:18:22 - [MESSAGE][PASSED] - Delayed 2 second(s)

2018-07-12 02:18:33 - [MESSAGE][PASSED] - Object: 'Object Repository/BEP/Generic/modal_submit' is clicked on

2018-07-12 02:18:35 - [MESSAGE][PASSED] - Delayed 2 second(s)

2018-07-12 02:18:41 - [MESSAGE][PASSED] - Keys 'Test Automation' sent to object: 'Object Repository/BEP/Generic/Email_Subject'

2018-07-12 02:18:47 - [MESSAGE][PASSED] - Scroll to object 'Object Repository/Generic/NEXT_BUTTON' successfully

2018-07-12 02:18:58 - [MESSAGE][PASSED] - Object: 'Object Repository/Generic/NEXT_BUTTON' is clicked on

2018-07-12 02:19:08 - [MESSAGE][PASSED] - Scroll to object 'Object Repository/Generic/FINISH_BUTTON' successfully

2018-07-12 02:19:19 - [MESSAGE][PASSED] - Object: 'Object Repository/Generic/FINISH_BUTTON' is clicked on

2018-07-12 02:19:22 - [MESSAGE][PASSED] - Wait for page load successfully

2018-07-12 02:19:27 - [MESSAGE][PASSED] - Delayed 5 second(s)

2018-07-12 02:19:33 - [MESSAGE][PASSED] - Text of object 'Object Repository/Generic/WOID' is: 'BEP-12Jul2018-3'

2018-07-12 02:19:33 - [MESSAGE][PASSED] - com.helper.commonfunct.BEP_CommonMethod.Estimate is PASSED

2018-07-12 02:19:33 - [TEST_STEP][PASSED] - com.helper.commonfunct.commonutilities.searchStatus: com.helper.commonfunct.commonutilities.searchStatus is PASSED

2018-07-12 02:19:36 - [MESSAGE][PASSED] - Wait for page load successfully

2018-07-12 02:19:57 - [MESSAGE][PASSED] - Delayed 2 second(s)

2018-07-12 02:20:05 - [MESSAGE][PASSED] - Delayed 2 second(s)

2018-07-12 02:20:14 - [MESSAGE][PASSED] - com.helper.commonfunct.commonutilities.searchStatus is PASSED

2018-07-12 02:20:14 - [MESSAGE][PASSED] - Call Test Case 'Test Cases/BEP/Create_Approve_Reject/Create_BEP_EmailOutput' successfully

2018-07-12 02:20:14 - [TEST_STEP][PASSED] - Statement - SendEmail = false: null

2018-07-12 02:20:14 - [TEST_STEP][PASSED] - Statement - CreateECR = true: null

2018-07-12 02:20:14 - [TEST_STEP][PASSED] - callTestCase: Call Test Case 'Test Cases/BEP/Create_Approve_Reject/All_Approval_Reject' successfully

2018-07-12 02:20:14 - [TEST_CASE][PASSED] - Test Cases/BEP/Create_Approve_Reject/All_Approval_Reject: Test Cases/BEP/Create_Approve_Reject/All_Approval_Reject

2018-07-12 02:20:14 - [TEST_STEP][NOT_RUN] - com.helper.commonfunct.commonutilities.login: NOT_RUN: com.helper.commonfunct.commonutilities.login

2018-07-12 02:20:14 - [MESSAGE][NOT_RUN] - NOT_RUN: com.helper.commonfunct.commonutilities.login

2018-07-12 02:20:14 - [TEST_STEP][NOT_RUN] - com.helper.commonfunct.commonutilities.search: NOT_RUN: com.helper.commonfunct.commonutilities.search

2018-07-12 02:20:14 - [MESSAGE][NOT_RUN] - NOT_RUN: com.helper.commonfunct.commonutilities.search

2018-07-12 02:20:14 - [TEST_STEP][NOT_RUN] - switchToFrame: NOT_RUN: switchToFrame

2018-07-12 02:20:14 - [MESSAGE][NOT_RUN] - NOT_RUN: switchToFrame

2018-07-12 02:20:14 - [TEST_STEP][NOT_RUN] - com.helper.commonfunct.commonutilities.setprop: NOT_RUN: com.helper.commonfunct.commonutilities.setprop

2018-07-12 02:20:14 - [MESSAGE][NOT_RUN] - NOT_RUN: com.helper.commonfunct.commonutilities.setprop

2018-07-12 02:20:14 - [TEST_STEP][PASSED] - Statement - While (WOSTATUS.contains("PENDING") && AssignmentList.size() > 0): com.helper.commonfunct.commonutilities.searchStatus is PASSED

2018-07-12 02:20:14 - [TEST_STEP][PASSED] - Statement - Status = text: null

2018-07-12 02:20:17 - [TEST_STEP][PASSED] - Statement - println(Status): null

2018-07-12 02:20:17 - [TEST_STEP][PASSED] - Statement - If (Status == "Pending-RDApproval"): com.helper.commonfunct.BEP_CommonMethod.RDapprove is PASSED

2018-07-12 02:20:17 - [TEST_STEP][PASSED] - Statement - If (RDReject == false): com.helper.commonfunct.BEP_CommonMethod.RDapprove is PASSED

2018-07-12 02:20:17 - [TEST_STEP][PASSED] - Statement - If (RouteToRL == true): com.helper.commonfunct.BEP_CommonMethod.RDapprove is PASSED

2018-07-12 02:20:17 - [TEST_STEP][PASSED] - com.helper.commonfunct.commonutilities.login: com.helper.commonfunct.commonutilities.login is PASSED

2018-07-12 02:20:17 - [MESSAGE][WARNING] - A browser is already opened. Closing browser and opening a new one

2018-07-12 02:20:30 - [MESSAGE][PASSED] - Browser is opened with url: ''

2018-07-12 02:20:34 - [MESSAGE][PASSED] - Navigate to 'https://vdaqa.rpega.com:9030/daqa/PRServlet' successfully

2018-07-12 02:20:46 - [MESSAGE][PASSED] - Text 'waink@pegasystems.com' is set on object 'Object Repository/Generic/input_UserIdentifier'

2018-07-12 02:20:58 - [MESSAGE][PASSED] - Text 'install' is set on object 'Object Repository/Generic/input_Password'

2018-07-12 02:21:06 - [MESSAGE][PASSED] - Keys 'ENTER + ' sent to object: 'Object Repository/Generic/input_Password'

2018-07-12 02:21:06 - [MESSAGE][PASSED] - com.helper.commonfunct.commonutilities.login is PASSED

2018-07-12 02:21:06 - [TEST_STEP][PASSED] - com.helper.commonfunct.commonutilities.search: com.helper.commonfunct.commonutilities.search is PASSED

2018-07-12 02:21:10 - [MESSAGE][PASSED] - Current window maximized

2018-07-12 02:21:15 - [MESSAGE][PASSED] - Delayed 5 second(s)

2018-07-12 02:21:28 - [MESSAGE][PASSED] - Text 'BEP-12Jul2018-3' is set on object 'Object Repository/EngInfo/search'

2018-07-12 02:21:31 - [MESSAGE][PASSED] - Delayed 3 second(s)

2018-07-12 02:21:37 - [MESSAGE][PASSED] - Keys 'ENTER + ' sent to object: 'Object Repository/EngInfo/search'

2018-07-12 02:21:44 - [MESSAGE][WARNING] - No alert found after 3 second(s).
[[ATTACHMENT|C:\\DAUIAutomation\\Reports\\Estimate\\20180712_020650\\1531376500720.png]]

2018-07-12 02:21:47 - [MESSAGE][PASSED] - Wait for page load successfully

2018-07-12 02:21:47 - [MESSAGE][PASSED] - com.helper.commonfunct.commonutilities.search is PASSED

2018-07-12 02:21:47 - [TEST_STEP][PASSED] - com.helper.commonfunct.BEP_CommonMethod.RDapprove: com.helper.commonfunct.BEP_CommonMethod.RDapprove is PASSED

2018-07-12 02:21:52 - [MESSAGE][PASSED] - Delayed 5 second(s)

2018-07-12 02:22:08 - [MESSAGE][PASSED] - Delayed 7 second(s)

2018-07-12 02:22:16 - [MESSAGE][PASSED] - Delayed 5 second(s)

2018-07-12 02:22:22 - [MESSAGE][PASSED] - Wait for page load successfully

2018-07-12 02:22:25 - [MESSAGE][PASSED] - Wait for page load successfully

2018-07-12 02:22:28 - [MESSAGE][PASSED] - Wait for page load successfully

2018-07-12 02:22:40 - [MESSAGE][PASSED] - Scroll to object 'Object Repository/Generic/NEXT_BUTTON' successfully

2018-07-12 02:22:46 - [MESSAGE][PASSED] - Object: 'Object Repository/Generic/NEXT_BUTTON' is clicked on

2018-07-12 02:22:51 - [MESSAGE][PASSED] - Delayed 5 second(s)

2018-07-12 02:22:57 - [MESSAGE][PASSED] - Scroll to object 'Object Repository/BEP/Generic/RD_RLApprove' successfully

2018-07-12 02:23:04 - [MESSAGE][PASSED] - Object: 'Object Repository/BEP/Generic/RD_RLApprove' is clicked on

2018-07-12 02:23:09 - [MESSAGE][PASSED] - Delayed 5 second(s)

2018-07-12 02:23:21 - [MESSAGE][PASSED] - Text 'Software Testing' is set on object 'Object Repository/BEP/Generic/BEP_CASENOTES'

2018-07-12 02:23:26 - [MESSAGE][PASSED] - Delayed 5 second(s)

2018-07-12 02:23:32 - [MESSAGE][PASSED] - Scroll to object 'Object Repository/BEP/Generic/FINISH_ASSIGNMENT' successfully

2018-07-12 02:23:41 - [MESSAGE][PASSED] - Wait for page load successfully

2018-07-12 02:23:41 - [MESSAGE][PASSED] - com.helper.commonfunct.BEP_CommonMethod.RDapprove is PASSED

2018-07-12 02:23:41 - [TEST_STEP][PASSED] - com.helper.commonfunct.commonutilities.searchStatus: com.helper.commonfunct.commonutilities.searchStatus is PASSED

2018-07-12 02:23:44 - [MESSAGE][PASSED] - Wait for page load successfully

2018-07-12 02:24:04 - [MESSAGE][PASSED] - Delayed 2 second(s)

2018-07-12 02:24:13 - [MESSAGE][PASSED] - Delayed 2 second(s)

2018-07-12 02:24:22 - [MESSAGE][PASSED] - com.helper.commonfunct.commonutilities.searchStatus is PASSED

2018-07-12 02:24:22 - [TEST_STEP][PASSED] - Statement - Status = text: null

2018-07-12 02:24:25 - [TEST_STEP][PASSED] - Statement - println(Status): null

2018-07-12 02:24:25 - [TEST_STEP][PASSED] - Statement - If (Status == "Pending-RDApproval"): null

2018-07-12 02:24:25 - [TEST_STEP][PASSED] - Statement - Else If (Status == "Pending-RLApproval"): com.helper.commonfunct.BEP_CommonMethod.RLapprove is PASSED

2018-07-12 02:24:25 - [TEST_STEP][PASSED] - Statement - If (RLReject == false): com.helper.commonfunct.BEP_CommonMethod.RLapprove is PASSED

2018-07-12 02:24:25 - [TEST_STEP][PASSED] - com.helper.commonfunct.commonutilities.login: com.helper.commonfunct.commonutilities.login is PASSED

2018-07-12 02:24:25 - [MESSAGE][WARNING] - A browser is already opened. Closing browser and opening a new one

2018-07-12 02:24:37 - [MESSAGE][PASSED] - Browser is opened with url: ''

2018-07-12 02:24:41 - [MESSAGE][PASSED] - Navigate to 'https://vdaqa.rpega.com:9030/daqa/PRServlet' successfully

2018-07-12 02:24:53 - [MESSAGE][PASSED] - Text 'panee@pegasystems.com' is set on object 'Object Repository/Generic/input_UserIdentifier'

2018-07-12 02:25:05 - [MESSAGE][PASSED] - Text 'install' is set on object 'Object Repository/Generic/input_Password'

2018-07-12 02:25:13 - [MESSAGE][PASSED] - Keys 'ENTER + ' sent to object: 'Object Repository/Generic/input_Password'

2018-07-12 02:25:13 - [MESSAGE][PASSED] - com.helper.commonfunct.commonutilities.login is PASSED

2018-07-12 02:25:13 - [TEST_STEP][PASSED] - com.helper.commonfunct.commonutilities.search: com.helper.commonfunct.commonutilities.search is PASSED

2018-07-12 02:25:18 - [MESSAGE][PASSED] - Current window maximized

2018-07-12 02:25:23 - [MESSAGE][PASSED] - Delayed 5 second(s)

2018-07-12 02:25:35 - [MESSAGE][PASSED] - Text 'BEP-12Jul2018-3' is set on object 'Object Repository/EngInfo/search'

2018-07-12 02:25:38 - [MESSAGE][PASSED] - Delayed 3 second(s)

2018-07-12 02:25:44 - [MESSAGE][PASSED] - Keys 'ENTER + ' sent to object: 'Object Repository/EngInfo/search'

2018-07-12 02:25:51 - [MESSAGE][WARNING] - No alert found after 3 second(s).
[[ATTACHMENT|C:\\DAUIAutomation\\Reports\\Estimate\\20180712_020650\\1531376747904.png]]

2018-07-12 02:25:54 - [MESSAGE][PASSED] - Wait for page load successfully

2018-07-12 02:25:54 - [MESSAGE][PASSED] - com.helper.commonfunct.commonutilities.search is PASSED

2018-07-12 02:25:54 - [TEST_STEP][PASSED] - com.helper.commonfunct.BEP_CommonMethod.RLapprove: com.helper.commonfunct.BEP_CommonMethod.RLapprove is PASSED

2018-07-12 02:25:59 - [MESSAGE][PASSED] - Delayed 5 second(s)

2018-07-12 02:26:15 - [MESSAGE][PASSED] - Delayed 7 second(s)

2018-07-12 02:26:23 - [MESSAGE][PASSED] - Delayed 5 second(s)

2018-07-12 02:26:29 - [MESSAGE][PASSED] - Wait for page load successfully

2018-07-12 02:26:32 - [MESSAGE][PASSED] - Wait for page load successfully

2018-07-12 02:26:35 - [MESSAGE][PASSED] - Wait for page load successfully

2018-07-12 02:26:47 - [MESSAGE][PASSED] - Scroll to object 'Object Repository/Generic/NEXT_BUTTON' successfully

2018-07-12 02:26:53 - [MESSAGE][PASSED] - Object: 'Object Repository/Generic/NEXT_BUTTON' is clicked on

2018-07-12 02:26:58 - [MESSAGE][PASSED] - Delayed 5 second(s)

2018-07-12 02:26:58 - [MESSAGE][WARNING] - Timeout '0' is invalid. Using default page load timeout: '30'

2018-07-12 02:27:04 - [MESSAGE][PASSED] - Scroll to object 'Object Repository/BEP/Generic/RD_RLApprove' successfully

2018-07-12 02:27:11 - [MESSAGE][PASSED] - Object: 'Object Repository/BEP/Generic/RD_RLApprove' is clicked on

2018-07-12 02:27:16 - [MESSAGE][PASSED] - Delayed 5 second(s)

2018-07-12 02:27:28 - [MESSAGE][PASSED] - Text 'Software Testing' is set on object 'Object Repository/BEP/Generic/BEP_CASENOTES'

2018-07-12 02:27:33 - [MESSAGE][PASSED] - Delayed 5 second(s)

2018-07-12 02:27:33 - [MESSAGE][WARNING] - Timeout '0' is invalid. Using default page load timeout: '30'

2018-07-12 02:27:39 - [MESSAGE][PASSED] - Scroll to object 'Object Repository/BEP/Generic/FINISH_ASSIGNMENT' successfully

2018-07-12 02:27:50 - [MESSAGE][PASSED] - Delayed 5 second(s)

2018-07-12 02:27:53 - [MESSAGE][PASSED] - Wait for page load successfully

2018-07-12 02:27:53 - [MESSAGE][PASSED] - com.helper.commonfunct.BEP_CommonMethod.RLapprove is PASSED

2018-07-12 02:27:53 - [TEST_STEP][PASSED] - com.helper.commonfunct.commonutilities.searchStatus: com.helper.commonfunct.commonutilities.searchStatus is PASSED

2018-07-12 02:27:56 - [MESSAGE][PASSED] - Wait for page load successfully

2018-07-12 02:28:16 - [MESSAGE][PASSED] - Delayed 2 second(s)

2018-07-12 02:28:24 - [MESSAGE][PASSED] - Delayed 2 second(s)

2018-07-12 02:28:33 - [MESSAGE][PASSED] - com.helper.commonfunct.commonutilities.searchStatus is PASSED

2018-07-12 02:28:33 - [TEST_STEP][PASSED] - Statement - Status = text: null

2018-07-12 02:28:36 - [TEST_STEP][PASSED] - Statement - println(Status): null

2018-07-12 02:28:36 - [TEST_STEP][PASSED] - Statement - If (Status == "Pending-RDApproval"): null

2018-07-12 02:28:36 - [TEST_STEP][PASSED] - Statement - Else If (Status == "Pending-RLApproval"): null

2018-07-12 02:28:36 - [TEST_STEP][PASSED] - Statement - Else If (Status == "Pending-Update"): null

2018-07-12 02:28:36 - [TEST_STEP][PASSED] - Statement - Else If (Status == "Completed"): null

2018-07-12 02:28:36 - [TEST_STEP][PASSED] - Statement - Else If (Status == "Pending-Meeting"): null

2018-07-12 02:28:36 - [TEST_STEP][PASSED] - Statement - Else If (Status == "Pending-EmailCustomer"): com.helper.commonfunct.BEP_CommonMethod.SkipEmail is PASSED

2018-07-12 02:28:36 - [TEST_STEP][PASSED] - Statement - If (SendEmail == true): null

2018-07-12 02:28:36 - [TEST_STEP][PASSED] - Statement - Else: com.helper.commonfunct.BEP_CommonMethod.SkipEmail is PASSED

2018-07-12 02:28:36 - [TEST_STEP][PASSED] - com.helper.commonfunct.commonutilities.login: com.helper.commonfunct.commonutilities.login is PASSED

2018-07-12 02:28:36 - [MESSAGE][WARNING] - A browser is already opened. Closing browser and opening a new one

2018-07-12 02:28:49 - [MESSAGE][PASSED] - Browser is opened with url: ''

2018-07-12 02:28:52 - [MESSAGE][PASSED] - Navigate to 'https://vdaqa.rpega.com:9030/daqa/PRServlet' successfully

2018-07-12 02:29:05 - [MESSAGE][PASSED] - Text 'hendj@pegasystems.com' is set on object 'Object Repository/Generic/input_UserIdentifier'

2018-07-12 02:29:17 - [MESSAGE][PASSED] - Text 'install' is set on object 'Object Repository/Generic/input_Password'

2018-07-12 02:29:25 - [MESSAGE][PASSED] - Keys 'ENTER + ' sent to object: 'Object Repository/Generic/input_Password'

2018-07-12 02:29:25 - [MESSAGE][PASSED] - com.helper.commonfunct.commonutilities.login is PASSED

2018-07-12 02:29:25 - [TEST_STEP][PASSED] - com.helper.commonfunct.commonutilities.search: com.helper.commonfunct.commonutilities.search is PASSED

2018-07-12 02:29:29 - [MESSAGE][PASSED] - Current window maximized

2018-07-12 02:29:34 - [MESSAGE][PASSED] - Delayed 5 second(s)

2018-07-12 02:29:46 - [MESSAGE][PASSED] - Text 'BEP-12Jul2018-3' is set on object 'Object Repository/EngInfo/search'

2018-07-12 02:29:49 - [MESSAGE][PASSED] - Delayed 3 second(s)

2018-07-12 02:29:56 - [MESSAGE][PASSED] - Keys 'ENTER + ' sent to object: 'Object Repository/EngInfo/search'

2018-07-12 02:30:02 - [MESSAGE][WARNING] - No alert found after 3 second(s).
[[ATTACHMENT|C:\\DAUIAutomation\\Reports\\Estimate\\20180712_020650\\1531376999549.png]]

2018-07-12 02:30:05 - [MESSAGE][PASSED] - Wait for page load successfully

2018-07-12 02:30:05 - [MESSAGE][PASSED] - com.helper.commonfunct.commonutilities.search is PASSED

2018-07-12 02:30:05 - [TEST_STEP][PASSED] - com.helper.commonfunct.BEP_CommonMethod.SkipEmail: com.helper.commonfunct.BEP_CommonMethod.SkipEmail is PASSED

2018-07-12 02:30:10 - [MESSAGE][PASSED] - Delayed 5 second(s)

2018-07-12 02:30:27 - [MESSAGE][PASSED] - Delayed 7 second(s)

2018-07-12 02:30:35 - [MESSAGE][PASSED] - Delayed 5 second(s)

2018-07-12 02:30:41 - [MESSAGE][PASSED] - Wait for page load successfully

2018-07-12 02:30:44 - [MESSAGE][PASSED] - Wait for page load successfully

2018-07-12 02:30:47 - [MESSAGE][PASSED] - Wait for page load successfully

2018-07-12 02:30:59 - [MESSAGE][PASSED] - Object: 'Object Repository/BEP/Generic/ECR_CHECKBOX' is clicked on

2018-07-12 02:31:01 - [MESSAGE][PASSED] - Delayed 2 second(s)

2018-07-12 02:31:07 - [MESSAGE][PASSED] - Object: 'Object Repository/BEP/Generic/SKIP_EMAIL_XPATH' is clicked on

2018-07-12 02:31:09 - [MESSAGE][PASSED] - Delayed 2 second(s)

2018-07-12 02:31:15 - [MESSAGE][PASSED] - Keys 'Software Testing' sent to object: 'Object Repository/BEP/Generic/DispositionReason'

2018-07-12 02:31:17 - [MESSAGE][PASSED] - Delayed 2 second(s)

2018-07-12 02:31:42 - [MESSAGE][PASSED] - All options with value 'RFP in process' are selected in object 'Object Repository/BEP/Generic/ReasonCode' 

2018-07-12 02:31:44 - [MESSAGE][PASSED] - Delayed 2 second(s)

2018-07-12 02:31:50 - [MESSAGE][PASSED] - Object: 'Object Repository/BEP/Generic/test' is clicked on

2018-07-12 02:31:52 - [MESSAGE][PASSED] - Delayed 2 second(s)

2018-07-12 02:31:58 - [MESSAGE][PASSED] - Object: 'Object Repository/BEP/Generic/Modal_OK' is clicked on

2018-07-12 02:32:03 - [MESSAGE][PASSED] - Delayed 5 second(s)

2018-07-12 02:32:03 - [MESSAGE][PASSED] - com.helper.commonfunct.BEP_CommonMethod.SkipEmail is PASSED

2018-07-12 02:32:03 - [TEST_STEP][PASSED] - com.helper.commonfunct.commonutilities.searchStatus: com.helper.commonfunct.commonutilities.searchStatus is PASSED

2018-07-12 02:32:06 - [MESSAGE][PASSED] - Wait for page load successfully

2018-07-12 02:32:21 - [MESSAGE][PASSED] - com.helper.commonfunct.commonutilities.searchStatus is PASSED

2018-07-12 02:32:21 - [MESSAGE][PASSED] - Call Test Case 'Test Cases/BEP/Create_Approve_Reject/All_Approval_Reject' successfully]]></system-out>
         <system-err><![CDATA[]]></system-err>
      </testcase>
      <testcase name="Test Cases/BEP/TestCases/TC_CreateBEP_EmailOutput_SendEmail_NoECR" classname="Test Cases/BEP/TestCases/TC_CreateBEP_EmailOutput_SendEmail_NoECR" status="PASSED">
         <system-out><![CDATA[2018-07-12 02:32:21 - [TEST_CASE][PASSED] - Test Cases/BEP/TestCases/TC_CreateBEP_EmailOutput_SendEmail_NoECR: Test Cases/BEP/TestCases/TC_CreateBEP_EmailOutput_SendEmail_NoECR

2018-07-12 02:32:21 - [TEST_STEP][PASSED] - callTestCase: Call Test Case 'Test Cases/BEP/Create_Approve_Reject/Create_BEP_EmailOutput' successfully

2018-07-12 02:32:21 - [TEST_CASE][PASSED] - Test Cases/BEP/Create_Approve_Reject/Create_BEP_EmailOutput: Test Cases/BEP/Create_Approve_Reject/Create_BEP_EmailOutput

2018-07-12 02:32:21 - [TEST_STEP][PASSED] - com.helper.commonfunct.commonutilities.login: com.helper.commonfunct.commonutilities.login is PASSED

2018-07-12 02:32:21 - [MESSAGE][WARNING] - A browser is already opened. Closing browser and opening a new one

2018-07-12 02:32:34 - [MESSAGE][PASSED] - Browser is opened with url: ''

2018-07-12 02:32:38 - [MESSAGE][PASSED] - Navigate to 'https://vdaqa.rpega.com:9030/daqa/PRServlet' successfully

2018-07-12 02:32:50 - [MESSAGE][PASSED] - Text 'hendj@pegasystems.com' is set on object 'Object Repository/Generic/input_UserIdentifier'

2018-07-12 02:33:02 - [MESSAGE][PASSED] - Text 'install' is set on object 'Object Repository/Generic/input_Password'

2018-07-12 02:33:10 - [MESSAGE][PASSED] - Keys 'ENTER + ' sent to object: 'Object Repository/Generic/input_Password'

2018-07-12 02:33:10 - [MESSAGE][PASSED] - com.helper.commonfunct.commonutilities.login is PASSED

2018-07-12 02:33:10 - [TEST_STEP][PASSED] - com.helper.commonfunct.BEP_CommonMethod.Estimate: com.helper.commonfunct.BEP_CommonMethod.Estimate is PASSED

2018-07-12 02:33:14 - [MESSAGE][PASSED] - Current window maximized

2018-07-12 02:33:16 - [MESSAGE][PASSED] - Delayed 2 second(s)

2018-07-12 02:33:22 - [MESSAGE][PASSED] - Object: 'Object Repository/Generic/New' is clicked on

2018-07-12 02:33:26 - [MESSAGE][PASSED] - Delayed 4 second(s)

2018-07-12 02:33:33 - [MESSAGE][PASSED] - Object: 'Object Repository/BEP/Generic/EstimateLink' is clicked on

2018-07-12 02:33:37 - [MESSAGE][PASSED] - Delayed 4 second(s)

2018-07-12 02:33:43 - [MESSAGE][PASSED] - Object: 'Object Repository/ECR/Generic/WOTAB' is clicked on

2018-07-12 02:33:46 - [MESSAGE][PASSED] - Wait for page load successfully

2018-07-12 02:33:57 - [MESSAGE][PASSED] - Delayed 5 second(s)

2018-07-12 02:34:31 - [MESSAGE][WARNING] - Object 'Object Repository/BEP/Generic/import' is not visible after 30 second(s)

2018-07-12 02:34:42 - [MESSAGE][PASSED] - Delayed 5 second(s)

2018-07-12 02:34:48 - [MESSAGE][PASSED] - File 'C:\DAUIAutomation\Data Files\BEP\Estimate.xlsm' sent to object: 'Object Repository/Generic/FilePath'

2018-07-12 02:34:53 - [MESSAGE][PASSED] - Delayed 5 second(s)

2018-07-12 02:35:00 - [MESSAGE][PASSED] - Object: 'Object Repository/Generic/button_Submit' is clicked on

2018-07-12 02:35:10 - [MESSAGE][PASSED] - Delayed 10 second(s)

2018-07-12 02:35:22 - [MESSAGE][PASSED] - Text 'BOFA' is set on object 'Object Repository/Generic/ORG'

2018-07-12 02:35:29 - [MESSAGE][PASSED] - Delayed 7 second(s)

2018-07-12 02:35:35 - [MESSAGE][PASSED] - Keys 'TAB + ' sent to object: 'Object Repository/Generic/ORG'

2018-07-12 02:35:42 - [MESSAGE][PASSED] - Delayed 7 second(s)

2018-07-12 02:35:54 - [MESSAGE][PASSED] - Text 'BOFA' is set on object 'Object Repository/Generic/ACC'

2018-07-12 02:36:01 - [MESSAGE][PASSED] - Delayed 7 second(s)

2018-07-12 02:36:07 - [MESSAGE][PASSED] - Keys 'TAB + ' sent to object: 'Object Repository/Generic/ACC'

2018-07-12 02:36:12 - [MESSAGE][PASSED] - Delayed 5 second(s)

2018-07-12 02:36:20 - [MESSAGE][PASSED] - Text 'The engagement you entered doesn't match' is present on page 

2018-07-12 02:36:32 - [MESSAGE][PASSED] - Text 'AUTOTEST1' is set on object 'Object Repository/Generic/ENG_DESC'

2018-07-12 02:36:37 - [MESSAGE][PASSED] - Delayed 5 second(s)

2018-07-12 02:36:48 - [MESSAGE][PASSED] - Delayed 5 second(s)

2018-07-12 02:37:12 - [MESSAGE][PASSED] - All options with value 'PRD-409' are selected in object 'Object Repository/Generic/PlatformID' 

2018-07-12 02:37:17 - [MESSAGE][PASSED] - Delayed 5 second(s)

2018-07-12 02:37:42 - [MESSAGE][PASSED] - All options with value 'RLS-3176' are selected in object 'Object Repository/Generic/PlatformVersion' 

2018-07-12 02:37:47 - [MESSAGE][PASSED] - Delayed 5 second(s)

2018-07-12 02:37:53 - [MESSAGE][PASSED] - Object: 'Object Repository/Generic/PlatformTrue' is clicked on

2018-07-12 02:37:58 - [MESSAGE][PASSED] - Delayed 5 second(s)

2018-07-12 02:38:19 - [MESSAGE][PASSED] - All options with value 'hendj@pegasystems.com' are selected in object 'Object Repository/EngInfo/PL' 

2018-07-12 02:38:24 - [MESSAGE][PASSED] - Delayed 5 second(s)

2018-07-12 02:38:31 - [MESSAGE][PASSED] - Text 'PL Team Leader' is present on page 

2018-07-12 02:38:52 - [MESSAGE][PASSED] - All options with value 'higgr@pegasystems.com' are selected in object 'Object Repository/EngInfo/PLTL' 

2018-07-12 02:38:57 - [MESSAGE][PASSED] - Delayed 5 second(s)

2018-07-12 02:39:21 - [MESSAGE][PASSED] - All options with value 'waink@pegasystems.com' are selected in object 'Object Repository/EngInfo/RD' 

2018-07-12 02:39:26 - [MESSAGE][PASSED] - Delayed 5 second(s)

2018-07-12 02:39:48 - [MESSAGE][PASSED] - All options with value 'panee@pegasystems.com' are selected in object 'Object Repository/EngInfo/RL' 

2018-07-12 02:39:53 - [MESSAGE][PASSED] - Delayed 5 second(s)

2018-07-12 02:39:59 - [MESSAGE][PASSED] - Scroll to object 'Object Repository/Generic/NEXT_BUTTON' successfully

2018-07-12 02:40:05 - [MESSAGE][PASSED] - Object: 'Object Repository/Generic/NEXT_BUTTON' is clicked on

2018-07-12 02:40:10 - [MESSAGE][PASSED] - Delayed 5 second(s)

2018-07-12 02:40:13 - [MESSAGE][PASSED] - Wait for page load successfully

2018-07-12 02:40:15 - [MESSAGE][PASSED] - Delayed 2 second(s)

2018-07-12 02:40:21 - [MESSAGE][PASSED] - Text of object 'Object Repository/BEP/Generic/DurationLow' is cleared

2018-07-12 02:40:23 - [MESSAGE][PASSED] - Delayed 2 second(s)

2018-07-12 02:40:35 - [MESSAGE][PASSED] - Text '15' is set on object 'Object Repository/BEP/Generic/DurationLow'

2018-07-12 02:40:37 - [MESSAGE][PASSED] - Delayed 2 second(s)

2018-07-12 02:40:43 - [MESSAGE][PASSED] - Text of object 'Object Repository/BEP/Generic/DurationHigh' is cleared

2018-07-12 02:40:45 - [MESSAGE][PASSED] - Delayed 2 second(s)

2018-07-12 02:40:57 - [MESSAGE][PASSED] - Text '15' is set on object 'Object Repository/BEP/Generic/DurationHigh'

2018-07-12 02:40:59 - [MESSAGE][PASSED] - Delayed 2 second(s)

2018-07-12 02:41:05 - [MESSAGE][PASSED] - Text of object 'Object Repository/BEP/Generic/PartnerHoursLow' is cleared

2018-07-12 02:41:07 - [MESSAGE][PASSED] - Delayed 2 second(s)

2018-07-12 02:41:19 - [MESSAGE][PASSED] - Text '15' is set on object 'Object Repository/BEP/Generic/PartnerHoursLow'

2018-07-12 02:41:22 - [MESSAGE][PASSED] - Delayed 2 second(s)

2018-07-12 02:41:28 - [MESSAGE][PASSED] - Text of object 'Object Repository/BEP/Generic/PartnerHoursHigh' is cleared

2018-07-12 02:41:30 - [MESSAGE][PASSED] - Delayed 2 second(s)

2018-07-12 02:41:42 - [MESSAGE][PASSED] - Text '15' is set on object 'Object Repository/BEP/Generic/PartnerHoursHigh'

2018-07-12 02:41:44 - [MESSAGE][PASSED] - Delayed 2 second(s)

2018-07-12 02:41:50 - [MESSAGE][PASSED] - Object: 'Object Repository/BEP/Generic/EstimationMethod' is clicked on

2018-07-12 02:41:55 - [MESSAGE][PASSED] - Delayed 5 second(s)

2018-07-12 02:42:01 - [MESSAGE][PASSED] - Keys 'BSW' sent to object: 'Object Repository/BEP/Generic/EstimationMethod'

2018-07-12 02:42:06 - [MESSAGE][PASSED] - Delayed 5 second(s)

2018-07-12 02:42:12 - [MESSAGE][PASSED] - Scroll to object 'Object Repository/Generic/NEXT_BUTTON' successfully

2018-07-12 02:42:18 - [MESSAGE][PASSED] - Object: 'Object Repository/Generic/NEXT_BUTTON' is clicked on

2018-07-12 02:42:23 - [MESSAGE][PASSED] - Delayed 5 second(s)

2018-07-12 02:42:30 - [MESSAGE][PASSED] - Object: 'Object Repository/BEP/Generic/BEPOutputEmail' is clicked on

2018-07-12 02:42:32 - [MESSAGE][PASSED] - Delayed 2 second(s)

2018-07-12 02:42:38 - [MESSAGE][PASSED] - Object: 'Object Repository/BEP/Generic/RECEIPIENT' is clicked on

2018-07-12 02:42:40 - [MESSAGE][PASSED] - Delayed 2 second(s)

2018-07-12 02:42:46 - [MESSAGE][PASSED] - Object: 'Object Repository/BEP/Generic/AddEmailID' is clicked on

2018-07-12 02:42:48 - [MESSAGE][PASSED] - Delayed 2 second(s)

2018-07-12 02:42:54 - [MESSAGE][PASSED] - Keys 'nagaveni.nipinale@in.pega.com' sent to object: 'Object Repository/BEP/Generic/MAILID_XPATH'

2018-07-12 02:42:56 - [MESSAGE][PASSED] - Delayed 2 second(s)

2018-07-12 02:43:03 - [MESSAGE][PASSED] - Object: 'Object Repository/BEP/Generic/modal_submit' is clicked on

2018-07-12 02:43:05 - [MESSAGE][PASSED] - Delayed 2 second(s)

2018-07-12 02:43:11 - [MESSAGE][PASSED] - Keys 'Test Automation' sent to object: 'Object Repository/BEP/Generic/Email_Subject'

2018-07-12 02:43:17 - [MESSAGE][PASSED] - Scroll to object 'Object Repository/Generic/NEXT_BUTTON' successfully

2018-07-12 02:43:23 - [MESSAGE][PASSED] - Object: 'Object Repository/Generic/NEXT_BUTTON' is clicked on

2018-07-12 02:43:29 - [MESSAGE][PASSED] - Scroll to object 'Object Repository/Generic/FINISH_BUTTON' successfully

2018-07-12 02:43:35 - [MESSAGE][PASSED] - Object: 'Object Repository/Generic/FINISH_BUTTON' is clicked on

2018-07-12 02:43:42 - [MESSAGE][PASSED] - Wait for page load successfully

2018-07-12 02:43:47 - [MESSAGE][PASSED] - Delayed 5 second(s)

2018-07-12 02:43:53 - [MESSAGE][PASSED] - Text of object 'Object Repository/Generic/WOID' is: 'BEP-12Jul2018-6'

2018-07-12 02:43:53 - [MESSAGE][PASSED] - com.helper.commonfunct.BEP_CommonMethod.Estimate is PASSED

2018-07-12 02:43:53 - [TEST_STEP][PASSED] - com.helper.commonfunct.commonutilities.searchStatus: com.helper.commonfunct.commonutilities.searchStatus is PASSED

2018-07-12 02:43:56 - [MESSAGE][PASSED] - Wait for page load successfully

2018-07-12 02:44:16 - [MESSAGE][PASSED] - Delayed 2 second(s)

2018-07-12 02:44:24 - [MESSAGE][PASSED] - Delayed 2 second(s)

2018-07-12 02:44:33 - [MESSAGE][PASSED] - com.helper.commonfunct.commonutilities.searchStatus is PASSED

2018-07-12 02:44:33 - [MESSAGE][PASSED] - Call Test Case 'Test Cases/BEP/Create_Approve_Reject/Create_BEP_EmailOutput' successfully

2018-07-12 02:44:33 - [TEST_STEP][PASSED] - Statement - SendEmail = true: null

2018-07-12 02:44:33 - [TEST_STEP][PASSED] - Statement - CreateECR = false: null

2018-07-12 02:44:33 - [TEST_STEP][PASSED] - callTestCase: Call Test Case 'Test Cases/BEP/Create_Approve_Reject/All_Approval_Reject' successfully

2018-07-12 02:44:33 - [TEST_CASE][PASSED] - Test Cases/BEP/Create_Approve_Reject/All_Approval_Reject: Test Cases/BEP/Create_Approve_Reject/All_Approval_Reject

2018-07-12 02:44:34 - [TEST_STEP][NOT_RUN] - com.helper.commonfunct.commonutilities.login: NOT_RUN: com.helper.commonfunct.commonutilities.login

2018-07-12 02:44:34 - [MESSAGE][NOT_RUN] - NOT_RUN: com.helper.commonfunct.commonutilities.login

2018-07-12 02:44:34 - [TEST_STEP][NOT_RUN] - com.helper.commonfunct.commonutilities.search: NOT_RUN: com.helper.commonfunct.commonutilities.search

2018-07-12 02:44:34 - [MESSAGE][NOT_RUN] - NOT_RUN: com.helper.commonfunct.commonutilities.search

2018-07-12 02:44:34 - [TEST_STEP][NOT_RUN] - switchToFrame: NOT_RUN: switchToFrame

2018-07-12 02:44:34 - [MESSAGE][NOT_RUN] - NOT_RUN: switchToFrame

2018-07-12 02:44:34 - [TEST_STEP][NOT_RUN] - com.helper.commonfunct.commonutilities.setprop: NOT_RUN: com.helper.commonfunct.commonutilities.setprop

2018-07-12 02:44:34 - [MESSAGE][NOT_RUN] - NOT_RUN: com.helper.commonfunct.commonutilities.setprop

2018-07-12 02:44:34 - [TEST_STEP][PASSED] - Statement - While (WOSTATUS.contains("PENDING") && AssignmentList.size() > 0): com.helper.commonfunct.commonutilities.searchStatus is PASSED

2018-07-12 02:44:34 - [TEST_STEP][PASSED] - Statement - Status = text: null

2018-07-12 02:44:37 - [TEST_STEP][PASSED] - Statement - println(Status): null

2018-07-12 02:44:37 - [TEST_STEP][PASSED] - Statement - If (Status == "Pending-RDApproval"): com.helper.commonfunct.BEP_CommonMethod.RDapprove is PASSED

2018-07-12 02:44:37 - [TEST_STEP][PASSED] - Statement - If (RDReject == false): com.helper.commonfunct.BEP_CommonMethod.RDapprove is PASSED

2018-07-12 02:44:37 - [TEST_STEP][PASSED] - Statement - If (RouteToRL == true): com.helper.commonfunct.BEP_CommonMethod.RDapprove is PASSED

2018-07-12 02:44:37 - [TEST_STEP][PASSED] - com.helper.commonfunct.commonutilities.login: com.helper.commonfunct.commonutilities.login is PASSED

2018-07-12 02:44:37 - [MESSAGE][WARNING] - A browser is already opened. Closing browser and opening a new one

2018-07-12 02:44:49 - [MESSAGE][PASSED] - Browser is opened with url: ''

2018-07-12 02:44:53 - [MESSAGE][PASSED] - Navigate to 'https://vdaqa.rpega.com:9030/daqa/PRServlet' successfully

2018-07-12 02:45:05 - [MESSAGE][PASSED] - Text 'waink@pegasystems.com' is set on object 'Object Repository/Generic/input_UserIdentifier'

2018-07-12 02:45:17 - [MESSAGE][PASSED] - Text 'install' is set on object 'Object Repository/Generic/input_Password'

2018-07-12 02:45:26 - [MESSAGE][PASSED] - Keys 'ENTER + ' sent to object: 'Object Repository/Generic/input_Password'

2018-07-12 02:45:26 - [MESSAGE][PASSED] - com.helper.commonfunct.commonutilities.login is PASSED

2018-07-12 02:45:26 - [TEST_STEP][PASSED] - com.helper.commonfunct.commonutilities.search: com.helper.commonfunct.commonutilities.search is PASSED

2018-07-12 02:45:30 - [MESSAGE][PASSED] - Current window maximized

2018-07-12 02:45:35 - [MESSAGE][PASSED] - Delayed 5 second(s)

2018-07-12 02:45:47 - [MESSAGE][PASSED] - Text 'BEP-12Jul2018-6' is set on object 'Object Repository/EngInfo/search'

2018-07-12 02:45:50 - [MESSAGE][PASSED] - Delayed 3 second(s)

2018-07-12 02:45:56 - [MESSAGE][PASSED] - Keys 'ENTER + ' sent to object: 'Object Repository/EngInfo/search'

2018-07-12 02:46:03 - [MESSAGE][WARNING] - No alert found after 3 second(s).
[[ATTACHMENT|C:\\DAUIAutomation\\Reports\\Estimate\\20180712_020650\\1531377960355.png]]

2018-07-12 02:46:06 - [MESSAGE][PASSED] - Wait for page load successfully

2018-07-12 02:46:06 - [MESSAGE][PASSED] - com.helper.commonfunct.commonutilities.search is PASSED

2018-07-12 02:46:06 - [TEST_STEP][PASSED] - com.helper.commonfunct.BEP_CommonMethod.RDapprove: com.helper.commonfunct.BEP_CommonMethod.RDapprove is PASSED

2018-07-12 02:46:11 - [MESSAGE][PASSED] - Delayed 5 second(s)

2018-07-12 02:46:27 - [MESSAGE][PASSED] - Delayed 7 second(s)

2018-07-12 02:46:35 - [MESSAGE][PASSED] - Delayed 5 second(s)

2018-07-12 02:46:42 - [MESSAGE][PASSED] - Wait for page load successfully

2018-07-12 02:46:45 - [MESSAGE][PASSED] - Wait for page load successfully

2018-07-12 02:46:48 - [MESSAGE][PASSED] - Wait for page load successfully

2018-07-12 02:47:00 - [MESSAGE][PASSED] - Scroll to object 'Object Repository/Generic/NEXT_BUTTON' successfully

2018-07-12 02:47:06 - [MESSAGE][PASSED] - Object: 'Object Repository/Generic/NEXT_BUTTON' is clicked on

2018-07-12 02:47:11 - [MESSAGE][PASSED] - Delayed 5 second(s)

2018-07-12 02:47:17 - [MESSAGE][PASSED] - Scroll to object 'Object Repository/BEP/Generic/RD_RLApprove' successfully

2018-07-12 02:47:23 - [MESSAGE][PASSED] - Object: 'Object Repository/BEP/Generic/RD_RLApprove' is clicked on

2018-07-12 02:47:28 - [MESSAGE][PASSED] - Delayed 5 second(s)

2018-07-12 02:47:40 - [MESSAGE][PASSED] - Text 'Software Testing' is set on object 'Object Repository/BEP/Generic/BEP_CASENOTES'

2018-07-12 02:47:45 - [MESSAGE][PASSED] - Delayed 5 second(s)

2018-07-12 02:47:51 - [MESSAGE][PASSED] - Scroll to object 'Object Repository/BEP/Generic/FINISH_ASSIGNMENT' successfully

2018-07-12 02:48:05 - [MESSAGE][PASSED] - Wait for page load successfully

2018-07-12 02:48:05 - [MESSAGE][PASSED] - com.helper.commonfunct.BEP_CommonMethod.RDapprove is PASSED

2018-07-12 02:48:05 - [TEST_STEP][PASSED] - com.helper.commonfunct.commonutilities.searchStatus: com.helper.commonfunct.commonutilities.searchStatus is PASSED

2018-07-12 02:48:08 - [MESSAGE][PASSED] - Wait for page load successfully

2018-07-12 02:48:28 - [MESSAGE][PASSED] - Delayed 2 second(s)

2018-07-12 02:48:36 - [MESSAGE][PASSED] - Delayed 2 second(s)

2018-07-12 02:48:45 - [MESSAGE][PASSED] - com.helper.commonfunct.commonutilities.searchStatus is PASSED

2018-07-12 02:48:45 - [TEST_STEP][PASSED] - Statement - Status = text: null

2018-07-12 02:48:48 - [TEST_STEP][PASSED] - Statement - println(Status): null

2018-07-12 02:48:48 - [TEST_STEP][PASSED] - Statement - If (Status == "Pending-RDApproval"): null

2018-07-12 02:48:48 - [TEST_STEP][PASSED] - Statement - Else If (Status == "Pending-RLApproval"): com.helper.commonfunct.BEP_CommonMethod.RLapprove is PASSED

2018-07-12 02:48:48 - [TEST_STEP][PASSED] - Statement - If (RLReject == false): com.helper.commonfunct.BEP_CommonMethod.RLapprove is PASSED

2018-07-12 02:48:48 - [TEST_STEP][PASSED] - com.helper.commonfunct.commonutilities.login: com.helper.commonfunct.commonutilities.login is PASSED

2018-07-12 02:48:48 - [MESSAGE][WARNING] - A browser is already opened. Closing browser and opening a new one

2018-07-12 02:49:01 - [MESSAGE][PASSED] - Browser is opened with url: ''

2018-07-12 02:49:04 - [MESSAGE][PASSED] - Navigate to 'https://vdaqa.rpega.com:9030/daqa/PRServlet' successfully

2018-07-12 02:49:16 - [MESSAGE][PASSED] - Text 'panee@pegasystems.com' is set on object 'Object Repository/Generic/input_UserIdentifier'

2018-07-12 02:49:28 - [MESSAGE][PASSED] - Text 'install' is set on object 'Object Repository/Generic/input_Password'

2018-07-12 02:49:36 - [MESSAGE][PASSED] - Keys 'ENTER + ' sent to object: 'Object Repository/Generic/input_Password'

2018-07-12 02:49:36 - [MESSAGE][PASSED] - com.helper.commonfunct.commonutilities.login is PASSED

2018-07-12 02:49:36 - [TEST_STEP][PASSED] - com.helper.commonfunct.commonutilities.search: com.helper.commonfunct.commonutilities.search is PASSED

2018-07-12 02:49:41 - [MESSAGE][PASSED] - Current window maximized

2018-07-12 02:49:46 - [MESSAGE][PASSED] - Delayed 5 second(s)

2018-07-12 02:49:58 - [MESSAGE][PASSED] - Text 'BEP-12Jul2018-6' is set on object 'Object Repository/EngInfo/search'

2018-07-12 02:50:01 - [MESSAGE][PASSED] - Delayed 3 second(s)

2018-07-12 02:50:07 - [MESSAGE][PASSED] - Keys 'ENTER + ' sent to object: 'Object Repository/EngInfo/search'

2018-07-12 02:50:14 - [MESSAGE][WARNING] - No alert found after 3 second(s).
[[ATTACHMENT|C:\\DAUIAutomation\\Reports\\Estimate\\20180712_020650\\1531378210772.png]]

2018-07-12 02:50:17 - [MESSAGE][PASSED] - Wait for page load successfully

2018-07-12 02:50:17 - [MESSAGE][PASSED] - com.helper.commonfunct.commonutilities.search is PASSED

2018-07-12 02:50:17 - [TEST_STEP][PASSED] - com.helper.commonfunct.BEP_CommonMethod.RLapprove: com.helper.commonfunct.BEP_CommonMethod.RLapprove is PASSED

2018-07-12 02:50:22 - [MESSAGE][PASSED] - Delayed 5 second(s)

2018-07-12 02:50:38 - [MESSAGE][PASSED] - Delayed 7 second(s)

2018-07-12 02:50:46 - [MESSAGE][PASSED] - Delayed 5 second(s)

2018-07-12 02:50:52 - [MESSAGE][PASSED] - Wait for page load successfully

2018-07-12 02:50:55 - [MESSAGE][PASSED] - Wait for page load successfully

2018-07-12 02:50:58 - [MESSAGE][PASSED] - Wait for page load successfully

2018-07-12 02:51:10 - [MESSAGE][PASSED] - Scroll to object 'Object Repository/Generic/NEXT_BUTTON' successfully

2018-07-12 02:51:16 - [MESSAGE][PASSED] - Object: 'Object Repository/Generic/NEXT_BUTTON' is clicked on

2018-07-12 02:51:21 - [MESSAGE][PASSED] - Delayed 5 second(s)

2018-07-12 02:51:21 - [MESSAGE][WARNING] - Timeout '0' is invalid. Using default page load timeout: '30'

2018-07-12 02:51:27 - [MESSAGE][PASSED] - Scroll to object 'Object Repository/BEP/Generic/RD_RLApprove' successfully

2018-07-12 02:51:33 - [MESSAGE][PASSED] - Object: 'Object Repository/BEP/Generic/RD_RLApprove' is clicked on

2018-07-12 02:51:38 - [MESSAGE][PASSED] - Delayed 5 second(s)

2018-07-12 02:51:51 - [MESSAGE][PASSED] - Text 'Software Testing' is set on object 'Object Repository/BEP/Generic/BEP_CASENOTES'

2018-07-12 02:51:56 - [MESSAGE][PASSED] - Delayed 5 second(s)

2018-07-12 02:51:56 - [MESSAGE][WARNING] - Timeout '0' is invalid. Using default page load timeout: '30'

2018-07-12 02:52:02 - [MESSAGE][PASSED] - Scroll to object 'Object Repository/BEP/Generic/FINISH_ASSIGNMENT' successfully

2018-07-12 02:52:13 - [MESSAGE][PASSED] - Delayed 5 second(s)

2018-07-12 02:52:16 - [MESSAGE][PASSED] - Wait for page load successfully

2018-07-12 02:52:16 - [MESSAGE][PASSED] - com.helper.commonfunct.BEP_CommonMethod.RLapprove is PASSED

2018-07-12 02:52:16 - [TEST_STEP][PASSED] - com.helper.commonfunct.commonutilities.searchStatus: com.helper.commonfunct.commonutilities.searchStatus is PASSED

2018-07-12 02:52:19 - [MESSAGE][PASSED] - Wait for page load successfully

2018-07-12 02:52:39 - [MESSAGE][PASSED] - Delayed 2 second(s)

2018-07-12 02:52:47 - [MESSAGE][PASSED] - Delayed 2 second(s)

2018-07-12 02:52:56 - [MESSAGE][PASSED] - com.helper.commonfunct.commonutilities.searchStatus is PASSED

2018-07-12 02:52:56 - [TEST_STEP][PASSED] - Statement - Status = text: null

2018-07-12 02:52:59 - [TEST_STEP][PASSED] - Statement - println(Status): null

2018-07-12 02:52:59 - [TEST_STEP][PASSED] - Statement - If (Status == "Pending-RDApproval"): null

2018-07-12 02:52:59 - [TEST_STEP][PASSED] - Statement - Else If (Status == "Pending-RLApproval"): null

2018-07-12 02:52:59 - [TEST_STEP][PASSED] - Statement - Else If (Status == "Pending-Update"): null

2018-07-12 02:52:59 - [TEST_STEP][PASSED] - Statement - Else If (Status == "Completed"): null

2018-07-12 02:52:59 - [TEST_STEP][PASSED] - Statement - Else If (Status == "Pending-Meeting"): null

2018-07-12 02:52:59 - [TEST_STEP][PASSED] - Statement - Else If (Status == "Pending-EmailCustomer"): com.helper.commonfunct.BEP_CommonMethod.EmailCustomer is PASSED

2018-07-12 02:52:59 - [TEST_STEP][PASSED] - Statement - If (SendEmail == true): com.helper.commonfunct.BEP_CommonMethod.EmailCustomer is PASSED

2018-07-12 02:52:59 - [TEST_STEP][PASSED] - com.helper.commonfunct.commonutilities.login: com.helper.commonfunct.commonutilities.login is PASSED

2018-07-12 02:52:59 - [MESSAGE][WARNING] - A browser is already opened. Closing browser and opening a new one

2018-07-12 02:53:12 - [MESSAGE][PASSED] - Browser is opened with url: ''

2018-07-12 02:53:15 - [MESSAGE][PASSED] - Navigate to 'https://vdaqa.rpega.com:9030/daqa/PRServlet' successfully

2018-07-12 02:53:27 - [MESSAGE][PASSED] - Text 'hendj@pegasystems.com' is set on object 'Object Repository/Generic/input_UserIdentifier'

2018-07-12 02:53:40 - [MESSAGE][PASSED] - Text 'install' is set on object 'Object Repository/Generic/input_Password'

2018-07-12 02:53:48 - [MESSAGE][PASSED] - Keys 'ENTER + ' sent to object: 'Object Repository/Generic/input_Password'

2018-07-12 02:53:48 - [MESSAGE][PASSED] - com.helper.commonfunct.commonutilities.login is PASSED

2018-07-12 02:53:48 - [TEST_STEP][PASSED] - com.helper.commonfunct.commonutilities.search: com.helper.commonfunct.commonutilities.search is PASSED

2018-07-12 02:53:52 - [MESSAGE][PASSED] - Current window maximized

2018-07-12 02:53:57 - [MESSAGE][PASSED] - Delayed 5 second(s)

2018-07-12 02:54:09 - [MESSAGE][PASSED] - Text 'BEP-12Jul2018-6' is set on object 'Object Repository/EngInfo/search'

2018-07-12 02:54:12 - [MESSAGE][PASSED] - Delayed 3 second(s)

2018-07-12 02:54:18 - [MESSAGE][PASSED] - Keys 'ENTER + ' sent to object: 'Object Repository/EngInfo/search'

2018-07-12 02:54:25 - [MESSAGE][WARNING] - No alert found after 3 second(s).
[[ATTACHMENT|C:\\DAUIAutomation\\Reports\\Estimate\\20180712_020650\\1531378462028.png]]

2018-07-12 02:54:28 - [MESSAGE][PASSED] - Wait for page load successfully

2018-07-12 02:54:28 - [MESSAGE][PASSED] - com.helper.commonfunct.commonutilities.search is PASSED

2018-07-12 02:54:28 - [TEST_STEP][PASSED] - com.helper.commonfunct.BEP_CommonMethod.EmailCustomer: com.helper.commonfunct.BEP_CommonMethod.EmailCustomer is PASSED

2018-07-12 02:54:33 - [MESSAGE][PASSED] - Delayed 5 second(s)

2018-07-12 02:54:49 - [MESSAGE][PASSED] - Delayed 7 second(s)

2018-07-12 02:54:57 - [MESSAGE][PASSED] - Delayed 5 second(s)

2018-07-12 02:55:03 - [MESSAGE][PASSED] - Wait for page load successfully

2018-07-12 02:55:06 - [MESSAGE][PASSED] - Wait for page load successfully

2018-07-12 02:55:09 - [MESSAGE][PASSED] - Wait for page load successfully

2018-07-12 02:55:21 - [MESSAGE][PASSED] - Object: 'Object Repository/BEP/Generic/SEND_EMAIL' is clicked on

2018-07-12 02:55:26 - [MESSAGE][PASSED] - Delayed 5 second(s)

2018-07-12 02:55:26 - [MESSAGE][PASSED] - com.helper.commonfunct.BEP_CommonMethod.EmailCustomer is PASSED

2018-07-12 02:55:26 - [TEST_STEP][PASSED] - com.helper.commonfunct.commonutilities.searchStatus: com.helper.commonfunct.commonutilities.searchStatus is PASSED

2018-07-12 02:55:29 - [MESSAGE][PASSED] - Wait for page load successfully

2018-07-12 02:55:45 - [MESSAGE][PASSED] - com.helper.commonfunct.commonutilities.searchStatus is PASSED

2018-07-12 02:55:45 - [MESSAGE][PASSED] - Call Test Case 'Test Cases/BEP/Create_Approve_Reject/All_Approval_Reject' successfully]]></system-out>
         <system-err><![CDATA[]]></system-err>
      </testcase>
      <testcase name="Test Cases/BEP/TestCases/TC_CreateBEP_EmailOutput_SkipEmail_CreateECR" classname="Test Cases/BEP/TestCases/TC_CreateBEP_EmailOutput_SkipEmail_CreateECR" status="PASSED">
         <system-out><![CDATA[2018-07-12 02:55:45 - [TEST_CASE][PASSED] - Test Cases/BEP/TestCases/TC_CreateBEP_EmailOutput_SkipEmail_CreateECR: Test Cases/BEP/TestCases/TC_CreateBEP_EmailOutput_SkipEmail_CreateECR

2018-07-12 02:55:45 - [TEST_STEP][PASSED] - callTestCase: Call Test Case 'Test Cases/BEP/Create_Approve_Reject/Create_BEP_EmailOutput' successfully

2018-07-12 02:55:45 - [TEST_CASE][PASSED] - Test Cases/BEP/Create_Approve_Reject/Create_BEP_EmailOutput: Test Cases/BEP/Create_Approve_Reject/Create_BEP_EmailOutput

2018-07-12 02:55:45 - [TEST_STEP][PASSED] - com.helper.commonfunct.commonutilities.login: com.helper.commonfunct.commonutilities.login is PASSED

2018-07-12 02:55:45 - [MESSAGE][WARNING] - A browser is already opened. Closing browser and opening a new one

2018-07-12 02:55:58 - [MESSAGE][PASSED] - Browser is opened with url: ''

2018-07-12 02:56:01 - [MESSAGE][PASSED] - Navigate to 'https://vdaqa.rpega.com:9030/daqa/PRServlet' successfully

2018-07-12 02:56:14 - [MESSAGE][PASSED] - Text 'hendj@pegasystems.com' is set on object 'Object Repository/Generic/input_UserIdentifier'

2018-07-12 02:56:26 - [MESSAGE][PASSED] - Text 'install' is set on object 'Object Repository/Generic/input_Password'

2018-07-12 02:56:34 - [MESSAGE][PASSED] - Keys 'ENTER + ' sent to object: 'Object Repository/Generic/input_Password'

2018-07-12 02:56:34 - [MESSAGE][PASSED] - com.helper.commonfunct.commonutilities.login is PASSED

2018-07-12 02:56:34 - [TEST_STEP][PASSED] - com.helper.commonfunct.BEP_CommonMethod.Estimate: com.helper.commonfunct.BEP_CommonMethod.Estimate is PASSED

2018-07-12 02:56:38 - [MESSAGE][PASSED] - Current window maximized

2018-07-12 02:56:40 - [MESSAGE][PASSED] - Delayed 2 second(s)

2018-07-12 02:56:46 - [MESSAGE][PASSED] - Object: 'Object Repository/Generic/New' is clicked on

2018-07-12 02:56:50 - [MESSAGE][PASSED] - Delayed 4 second(s)

2018-07-12 02:56:56 - [MESSAGE][PASSED] - Object: 'Object Repository/BEP/Generic/EstimateLink' is clicked on

2018-07-12 02:57:00 - [MESSAGE][PASSED] - Delayed 4 second(s)

2018-07-12 02:57:06 - [MESSAGE][PASSED] - Object: 'Object Repository/ECR/Generic/WOTAB' is clicked on

2018-07-12 02:57:09 - [MESSAGE][PASSED] - Wait for page load successfully

2018-07-12 02:57:21 - [MESSAGE][PASSED] - Delayed 5 second(s)

2018-07-12 02:57:55 - [MESSAGE][WARNING] - Object 'Object Repository/BEP/Generic/import' is not visible after 30 second(s)

2018-07-12 02:58:06 - [MESSAGE][PASSED] - Delayed 5 second(s)

2018-07-12 02:58:12 - [MESSAGE][PASSED] - File 'C:\DAUIAutomation\Data Files\BEP\Estimate.xlsm' sent to object: 'Object Repository/Generic/FilePath'

2018-07-12 02:58:17 - [MESSAGE][PASSED] - Delayed 5 second(s)

2018-07-12 02:58:23 - [MESSAGE][PASSED] - Object: 'Object Repository/Generic/button_Submit' is clicked on

2018-07-12 02:58:33 - [MESSAGE][PASSED] - Delayed 10 second(s)

2018-07-12 02:58:45 - [MESSAGE][PASSED] - Text 'BOFA' is set on object 'Object Repository/Generic/ORG'

2018-07-12 02:58:52 - [MESSAGE][PASSED] - Delayed 7 second(s)

2018-07-12 02:58:59 - [MESSAGE][PASSED] - Keys 'TAB + ' sent to object: 'Object Repository/Generic/ORG'

2018-07-12 02:59:06 - [MESSAGE][PASSED] - Delayed 7 second(s)

2018-07-12 02:59:18 - [MESSAGE][PASSED] - Text 'BOFA' is set on object 'Object Repository/Generic/ACC'

2018-07-12 02:59:25 - [MESSAGE][PASSED] - Delayed 7 second(s)

2018-07-12 02:59:31 - [MESSAGE][PASSED] - Keys 'TAB + ' sent to object: 'Object Repository/Generic/ACC'

2018-07-12 02:59:36 - [MESSAGE][PASSED] - Delayed 5 second(s)

2018-07-12 02:59:43 - [MESSAGE][PASSED] - Text 'The engagement you entered doesn't match' is present on page 

2018-07-12 02:59:55 - [MESSAGE][PASSED] - Text 'AUTOTEST1' is set on object 'Object Repository/Generic/ENG_DESC'

2018-07-12 03:00:00 - [MESSAGE][PASSED] - Delayed 5 second(s)

2018-07-12 03:00:12 - [MESSAGE][PASSED] - Delayed 5 second(s)

2018-07-12 03:00:36 - [MESSAGE][PASSED] - All options with value 'PRD-409' are selected in object 'Object Repository/Generic/PlatformID' 

2018-07-12 03:00:41 - [MESSAGE][PASSED] - Delayed 5 second(s)

2018-07-12 03:01:05 - [MESSAGE][PASSED] - All options with value 'RLS-3176' are selected in object 'Object Repository/Generic/PlatformVersion' 

2018-07-12 03:01:10 - [MESSAGE][PASSED] - Delayed 5 second(s)

2018-07-12 03:01:16 - [MESSAGE][PASSED] - Object: 'Object Repository/Generic/PlatformTrue' is clicked on

2018-07-12 03:01:21 - [MESSAGE][PASSED] - Delayed 5 second(s)

2018-07-12 03:01:42 - [MESSAGE][PASSED] - All options with value 'hendj@pegasystems.com' are selected in object 'Object Repository/EngInfo/PL' 

2018-07-12 03:01:47 - [MESSAGE][PASSED] - Delayed 5 second(s)

2018-07-12 03:01:54 - [MESSAGE][PASSED] - Text 'PL Team Leader' is present on page 

2018-07-12 03:02:16 - [MESSAGE][PASSED] - All options with value 'higgr@pegasystems.com' are selected in object 'Object Repository/EngInfo/PLTL' 

2018-07-12 03:02:21 - [MESSAGE][PASSED] - Delayed 5 second(s)

2018-07-12 03:02:45 - [MESSAGE][PASSED] - All options with value 'waink@pegasystems.com' are selected in object 'Object Repository/EngInfo/RD' 

2018-07-12 03:02:50 - [MESSAGE][PASSED] - Delayed 5 second(s)

2018-07-12 03:03:11 - [MESSAGE][PASSED] - All options with value 'panee@pegasystems.com' are selected in object 'Object Repository/EngInfo/RL' 

2018-07-12 03:03:16 - [MESSAGE][PASSED] - Delayed 5 second(s)

2018-07-12 03:03:22 - [MESSAGE][PASSED] - Scroll to object 'Object Repository/Generic/NEXT_BUTTON' successfully

2018-07-12 03:03:28 - [MESSAGE][PASSED] - Object: 'Object Repository/Generic/NEXT_BUTTON' is clicked on

2018-07-12 03:03:33 - [MESSAGE][PASSED] - Delayed 5 second(s)

2018-07-12 03:03:36 - [MESSAGE][PASSED] - Wait for page load successfully

2018-07-12 03:03:38 - [MESSAGE][PASSED] - Delayed 2 second(s)

2018-07-12 03:03:44 - [MESSAGE][PASSED] - Text of object 'Object Repository/BEP/Generic/DurationLow' is cleared

2018-07-12 03:03:46 - [MESSAGE][PASSED] - Delayed 2 second(s)

2018-07-12 03:03:58 - [MESSAGE][PASSED] - Text '15' is set on object 'Object Repository/BEP/Generic/DurationLow'

2018-07-12 03:04:00 - [MESSAGE][PASSED] - Delayed 2 second(s)

2018-07-12 03:04:06 - [MESSAGE][PASSED] - Text of object 'Object Repository/BEP/Generic/DurationHigh' is cleared

2018-07-12 03:04:08 - [MESSAGE][PASSED] - Delayed 2 second(s)

2018-07-12 03:04:21 - [MESSAGE][PASSED] - Text '15' is set on object 'Object Repository/BEP/Generic/DurationHigh'

2018-07-12 03:04:23 - [MESSAGE][PASSED] - Delayed 2 second(s)

2018-07-12 03:04:29 - [MESSAGE][PASSED] - Text of object 'Object Repository/BEP/Generic/PartnerHoursLow' is cleared

2018-07-12 03:04:31 - [MESSAGE][PASSED] - Delayed 2 second(s)

2018-07-12 03:04:43 - [MESSAGE][PASSED] - Text '15' is set on object 'Object Repository/BEP/Generic/PartnerHoursLow'

2018-07-12 03:04:45 - [MESSAGE][PASSED] - Delayed 2 second(s)

2018-07-12 03:04:51 - [MESSAGE][PASSED] - Text of object 'Object Repository/BEP/Generic/PartnerHoursHigh' is cleared

2018-07-12 03:04:53 - [MESSAGE][PASSED] - Delayed 2 second(s)

2018-07-12 03:05:05 - [MESSAGE][PASSED] - Text '15' is set on object 'Object Repository/BEP/Generic/PartnerHoursHigh'

2018-07-12 03:05:07 - [MESSAGE][PASSED] - Delayed 2 second(s)

2018-07-12 03:05:13 - [MESSAGE][PASSED] - Object: 'Object Repository/BEP/Generic/EstimationMethod' is clicked on

2018-07-12 03:05:18 - [MESSAGE][PASSED] - Delayed 5 second(s)

2018-07-12 03:05:24 - [MESSAGE][PASSED] - Keys 'BSW' sent to object: 'Object Repository/BEP/Generic/EstimationMethod'

2018-07-12 03:05:29 - [MESSAGE][PASSED] - Delayed 5 second(s)

2018-07-12 03:05:35 - [MESSAGE][PASSED] - Scroll to object 'Object Repository/Generic/NEXT_BUTTON' successfully

2018-07-12 03:05:42 - [MESSAGE][PASSED] - Object: 'Object Repository/Generic/NEXT_BUTTON' is clicked on

2018-07-12 03:05:47 - [MESSAGE][PASSED] - Delayed 5 second(s)

2018-07-12 03:05:53 - [MESSAGE][PASSED] - Object: 'Object Repository/BEP/Generic/BEPOutputEmail' is clicked on

2018-07-12 03:05:55 - [MESSAGE][PASSED] - Delayed 2 second(s)

2018-07-12 03:06:01 - [MESSAGE][PASSED] - Object: 'Object Repository/BEP/Generic/RECEIPIENT' is clicked on

2018-07-12 03:06:03 - [MESSAGE][PASSED] - Delayed 2 second(s)

2018-07-12 03:06:09 - [MESSAGE][PASSED] - Object: 'Object Repository/BEP/Generic/AddEmailID' is clicked on

2018-07-12 03:06:11 - [MESSAGE][PASSED] - Delayed 2 second(s)

2018-07-12 03:06:18 - [MESSAGE][PASSED] - Keys 'nagaveni.nipinale@in.pega.com' sent to object: 'Object Repository/BEP/Generic/MAILID_XPATH'

2018-07-12 03:06:20 - [MESSAGE][PASSED] - Delayed 2 second(s)

2018-07-12 03:06:26 - [MESSAGE][PASSED] - Object: 'Object Repository/BEP/Generic/modal_submit' is clicked on

2018-07-12 03:06:28 - [MESSAGE][PASSED] - Delayed 2 second(s)

2018-07-12 03:06:34 - [MESSAGE][PASSED] - Keys 'Test Automation' sent to object: 'Object Repository/BEP/Generic/Email_Subject'

2018-07-12 03:06:40 - [MESSAGE][PASSED] - Scroll to object 'Object Repository/Generic/NEXT_BUTTON' successfully

2018-07-12 03:06:46 - [MESSAGE][PASSED] - Object: 'Object Repository/Generic/NEXT_BUTTON' is clicked on

2018-07-12 03:06:52 - [MESSAGE][PASSED] - Scroll to object 'Object Repository/Generic/FINISH_BUTTON' successfully

2018-07-12 03:06:59 - [MESSAGE][PASSED] - Object: 'Object Repository/Generic/FINISH_BUTTON' is clicked on

2018-07-12 03:07:02 - [MESSAGE][PASSED] - Wait for page load successfully

2018-07-12 03:07:07 - [MESSAGE][PASSED] - Delayed 5 second(s)

2018-07-12 03:07:13 - [MESSAGE][PASSED] - Text of object 'Object Repository/Generic/WOID' is: 'BEP-12Jul2018-7'

2018-07-12 03:07:13 - [MESSAGE][PASSED] - com.helper.commonfunct.BEP_CommonMethod.Estimate is PASSED

2018-07-12 03:07:13 - [TEST_STEP][PASSED] - com.helper.commonfunct.commonutilities.searchStatus: com.helper.commonfunct.commonutilities.searchStatus is PASSED

2018-07-12 03:07:16 - [MESSAGE][PASSED] - Wait for page load successfully

2018-07-12 03:07:36 - [MESSAGE][PASSED] - Delayed 2 second(s)

2018-07-12 03:07:44 - [MESSAGE][PASSED] - Delayed 2 second(s)

2018-07-12 03:07:53 - [MESSAGE][PASSED] - com.helper.commonfunct.commonutilities.searchStatus is PASSED

2018-07-12 03:07:53 - [MESSAGE][PASSED] - Call Test Case 'Test Cases/BEP/Create_Approve_Reject/Create_BEP_EmailOutput' successfully

2018-07-12 03:07:53 - [TEST_STEP][PASSED] - Statement - SendEmail = false: null

2018-07-12 03:07:53 - [TEST_STEP][PASSED] - Statement - CreateECR = true: null

2018-07-12 03:07:53 - [TEST_STEP][PASSED] - callTestCase: Call Test Case 'Test Cases/BEP/Create_Approve_Reject/All_Approval_Reject' successfully

2018-07-12 03:07:53 - [TEST_CASE][PASSED] - Test Cases/BEP/Create_Approve_Reject/All_Approval_Reject: Test Cases/BEP/Create_Approve_Reject/All_Approval_Reject

2018-07-12 03:07:53 - [TEST_STEP][NOT_RUN] - com.helper.commonfunct.commonutilities.login: NOT_RUN: com.helper.commonfunct.commonutilities.login

2018-07-12 03:07:53 - [MESSAGE][NOT_RUN] - NOT_RUN: com.helper.commonfunct.commonutilities.login

2018-07-12 03:07:53 - [TEST_STEP][NOT_RUN] - com.helper.commonfunct.commonutilities.search: NOT_RUN: com.helper.commonfunct.commonutilities.search

2018-07-12 03:07:53 - [MESSAGE][NOT_RUN] - NOT_RUN: com.helper.commonfunct.commonutilities.search

2018-07-12 03:07:53 - [TEST_STEP][NOT_RUN] - switchToFrame: NOT_RUN: switchToFrame

2018-07-12 03:07:53 - [MESSAGE][NOT_RUN] - NOT_RUN: switchToFrame

2018-07-12 03:07:53 - [TEST_STEP][NOT_RUN] - com.helper.commonfunct.commonutilities.setprop: NOT_RUN: com.helper.commonfunct.commonutilities.setprop

2018-07-12 03:07:53 - [MESSAGE][NOT_RUN] - NOT_RUN: com.helper.commonfunct.commonutilities.setprop

2018-07-12 03:07:53 - [TEST_STEP][PASSED] - Statement - While (WOSTATUS.contains("PENDING") && AssignmentList.size() > 0): com.helper.commonfunct.commonutilities.searchStatus is PASSED

2018-07-12 03:07:53 - [TEST_STEP][PASSED] - Statement - Status = text: null

2018-07-12 03:07:56 - [TEST_STEP][PASSED] - Statement - println(Status): null

2018-07-12 03:07:56 - [TEST_STEP][PASSED] - Statement - If (Status == "Pending-RDApproval"): com.helper.commonfunct.BEP_CommonMethod.RDapprove is PASSED

2018-07-12 03:07:56 - [TEST_STEP][PASSED] - Statement - If (RDReject == false): com.helper.commonfunct.BEP_CommonMethod.RDapprove is PASSED

2018-07-12 03:07:56 - [TEST_STEP][PASSED] - Statement - If (RouteToRL == true): com.helper.commonfunct.BEP_CommonMethod.RDapprove is PASSED

2018-07-12 03:07:56 - [TEST_STEP][PASSED] - com.helper.commonfunct.commonutilities.login: com.helper.commonfunct.commonutilities.login is PASSED

2018-07-12 03:07:56 - [MESSAGE][WARNING] - A browser is already opened. Closing browser and opening a new one

2018-07-12 03:08:09 - [MESSAGE][PASSED] - Browser is opened with url: ''

2018-07-12 03:08:12 - [MESSAGE][PASSED] - Navigate to 'https://vdaqa.rpega.com:9030/daqa/PRServlet' successfully

2018-07-12 03:08:24 - [MESSAGE][PASSED] - Text 'waink@pegasystems.com' is set on object 'Object Repository/Generic/input_UserIdentifier'

2018-07-12 03:08:37 - [MESSAGE][PASSED] - Text 'install' is set on object 'Object Repository/Generic/input_Password'

2018-07-12 03:08:45 - [MESSAGE][PASSED] - Keys 'ENTER + ' sent to object: 'Object Repository/Generic/input_Password'

2018-07-12 03:08:45 - [MESSAGE][PASSED] - com.helper.commonfunct.commonutilities.login is PASSED

2018-07-12 03:08:45 - [TEST_STEP][PASSED] - com.helper.commonfunct.commonutilities.search: com.helper.commonfunct.commonutilities.search is PASSED

2018-07-12 03:08:49 - [MESSAGE][PASSED] - Current window maximized

2018-07-12 03:08:54 - [MESSAGE][PASSED] - Delayed 5 second(s)

2018-07-12 03:09:06 - [MESSAGE][PASSED] - Text 'BEP-12Jul2018-7' is set on object 'Object Repository/EngInfo/search'

2018-07-12 03:09:09 - [MESSAGE][PASSED] - Delayed 3 second(s)

2018-07-12 03:09:15 - [MESSAGE][PASSED] - Keys 'ENTER + ' sent to object: 'Object Repository/EngInfo/search'

2018-07-12 03:09:22 - [MESSAGE][WARNING] - No alert found after 3 second(s).
[[ATTACHMENT|C:\\DAUIAutomation\\Reports\\Estimate\\20180712_020650\\1531379359041.png]]

2018-07-12 03:09:25 - [MESSAGE][PASSED] - Wait for page load successfully

2018-07-12 03:09:25 - [MESSAGE][PASSED] - com.helper.commonfunct.commonutilities.search is PASSED

2018-07-12 03:09:25 - [TEST_STEP][PASSED] - com.helper.commonfunct.BEP_CommonMethod.RDapprove: com.helper.commonfunct.BEP_CommonMethod.RDapprove is PASSED

2018-07-12 03:09:30 - [MESSAGE][PASSED] - Delayed 5 second(s)

2018-07-12 03:09:46 - [MESSAGE][PASSED] - Delayed 7 second(s)

2018-07-12 03:09:54 - [MESSAGE][PASSED] - Delayed 5 second(s)

2018-07-12 03:10:00 - [MESSAGE][PASSED] - Wait for page load successfully

2018-07-12 03:10:03 - [MESSAGE][PASSED] - Wait for page load successfully

2018-07-12 03:10:06 - [MESSAGE][PASSED] - Wait for page load successfully

2018-07-12 03:10:18 - [MESSAGE][PASSED] - Scroll to object 'Object Repository/Generic/NEXT_BUTTON' successfully

2018-07-12 03:10:24 - [MESSAGE][PASSED] - Object: 'Object Repository/Generic/NEXT_BUTTON' is clicked on

2018-07-12 03:10:29 - [MESSAGE][PASSED] - Delayed 5 second(s)

2018-07-12 03:10:36 - [MESSAGE][PASSED] - Scroll to object 'Object Repository/BEP/Generic/RD_RLApprove' successfully

2018-07-12 03:10:42 - [MESSAGE][PASSED] - Object: 'Object Repository/BEP/Generic/RD_RLApprove' is clicked on

2018-07-12 03:10:47 - [MESSAGE][PASSED] - Delayed 5 second(s)

2018-07-12 03:10:59 - [MESSAGE][PASSED] - Text 'Software Testing' is set on object 'Object Repository/BEP/Generic/BEP_CASENOTES'

2018-07-12 03:11:04 - [MESSAGE][PASSED] - Delayed 5 second(s)

2018-07-12 03:11:10 - [MESSAGE][PASSED] - Scroll to object 'Object Repository/BEP/Generic/FINISH_ASSIGNMENT' successfully

2018-07-12 03:11:19 - [MESSAGE][PASSED] - Wait for page load successfully

2018-07-12 03:11:19 - [MESSAGE][PASSED] - com.helper.commonfunct.BEP_CommonMethod.RDapprove is PASSED

2018-07-12 03:11:19 - [TEST_STEP][PASSED] - com.helper.commonfunct.commonutilities.searchStatus: com.helper.commonfunct.commonutilities.searchStatus is PASSED

2018-07-12 03:11:22 - [MESSAGE][PASSED] - Wait for page load successfully

2018-07-12 03:11:42 - [MESSAGE][PASSED] - Delayed 2 second(s)

2018-07-12 03:11:50 - [MESSAGE][PASSED] - Delayed 2 second(s)

2018-07-12 03:11:59 - [MESSAGE][PASSED] - com.helper.commonfunct.commonutilities.searchStatus is PASSED

2018-07-12 03:11:59 - [TEST_STEP][PASSED] - Statement - Status = text: null

2018-07-12 03:12:02 - [TEST_STEP][PASSED] - Statement - println(Status): null

2018-07-12 03:12:02 - [TEST_STEP][PASSED] - Statement - If (Status == "Pending-RDApproval"): null

2018-07-12 03:12:02 - [TEST_STEP][PASSED] - Statement - Else If (Status == "Pending-RLApproval"): com.helper.commonfunct.BEP_CommonMethod.RLapprove is PASSED

2018-07-12 03:12:02 - [TEST_STEP][PASSED] - Statement - If (RLReject == false): com.helper.commonfunct.BEP_CommonMethod.RLapprove is PASSED

2018-07-12 03:12:02 - [TEST_STEP][PASSED] - com.helper.commonfunct.commonutilities.login: com.helper.commonfunct.commonutilities.login is PASSED

2018-07-12 03:12:02 - [MESSAGE][WARNING] - A browser is already opened. Closing browser and opening a new one

2018-07-12 03:12:15 - [MESSAGE][PASSED] - Browser is opened with url: ''

2018-07-12 03:12:19 - [MESSAGE][PASSED] - Navigate to 'https://vdaqa.rpega.com:9030/daqa/PRServlet' successfully

2018-07-12 03:12:31 - [MESSAGE][PASSED] - Text 'panee@pegasystems.com' is set on object 'Object Repository/Generic/input_UserIdentifier'

2018-07-12 03:12:43 - [MESSAGE][PASSED] - Text 'install' is set on object 'Object Repository/Generic/input_Password'

2018-07-12 03:12:51 - [MESSAGE][PASSED] - Keys 'ENTER + ' sent to object: 'Object Repository/Generic/input_Password'

2018-07-12 03:12:51 - [MESSAGE][PASSED] - com.helper.commonfunct.commonutilities.login is PASSED

2018-07-12 03:12:51 - [TEST_STEP][PASSED] - com.helper.commonfunct.commonutilities.search: com.helper.commonfunct.commonutilities.search is PASSED

2018-07-12 03:12:55 - [MESSAGE][PASSED] - Current window maximized

2018-07-12 03:13:00 - [MESSAGE][PASSED] - Delayed 5 second(s)

2018-07-12 03:13:12 - [MESSAGE][PASSED] - Text 'BEP-12Jul2018-7' is set on object 'Object Repository/EngInfo/search'

2018-07-12 03:13:15 - [MESSAGE][PASSED] - Delayed 3 second(s)

2018-07-12 03:13:21 - [MESSAGE][PASSED] - Keys 'ENTER + ' sent to object: 'Object Repository/EngInfo/search'

2018-07-12 03:13:28 - [MESSAGE][WARNING] - No alert found after 3 second(s).
[[ATTACHMENT|C:\\DAUIAutomation\\Reports\\Estimate\\20180712_020650\\1531379605550.png]]

2018-07-12 03:13:31 - [MESSAGE][PASSED] - Wait for page load successfully

2018-07-12 03:13:31 - [MESSAGE][PASSED] - com.helper.commonfunct.commonutilities.search is PASSED

2018-07-12 03:13:31 - [TEST_STEP][PASSED] - com.helper.commonfunct.BEP_CommonMethod.RLapprove: com.helper.commonfunct.BEP_CommonMethod.RLapprove is PASSED

2018-07-12 03:13:36 - [MESSAGE][PASSED] - Delayed 5 second(s)

2018-07-12 03:13:53 - [MESSAGE][PASSED] - Delayed 7 second(s)

2018-07-12 03:14:01 - [MESSAGE][PASSED] - Delayed 5 second(s)

2018-07-12 03:14:07 - [MESSAGE][PASSED] - Wait for page load successfully

2018-07-12 03:14:10 - [MESSAGE][PASSED] - Wait for page load successfully

2018-07-12 03:14:13 - [MESSAGE][PASSED] - Wait for page load successfully

2018-07-12 03:14:25 - [MESSAGE][PASSED] - Scroll to object 'Object Repository/Generic/NEXT_BUTTON' successfully

2018-07-12 03:14:31 - [MESSAGE][PASSED] - Object: 'Object Repository/Generic/NEXT_BUTTON' is clicked on

2018-07-12 03:14:36 - [MESSAGE][PASSED] - Delayed 5 second(s)

2018-07-12 03:14:36 - [MESSAGE][WARNING] - Timeout '0' is invalid. Using default page load timeout: '30'

2018-07-12 03:14:42 - [MESSAGE][PASSED] - Scroll to object 'Object Repository/BEP/Generic/RD_RLApprove' successfully

2018-07-12 03:14:48 - [MESSAGE][PASSED] - Object: 'Object Repository/BEP/Generic/RD_RLApprove' is clicked on

2018-07-12 03:14:53 - [MESSAGE][PASSED] - Delayed 5 second(s)

2018-07-12 03:15:06 - [MESSAGE][PASSED] - Text 'Software Testing' is set on object 'Object Repository/BEP/Generic/BEP_CASENOTES'

2018-07-12 03:15:11 - [MESSAGE][PASSED] - Delayed 5 second(s)

2018-07-12 03:15:11 - [MESSAGE][WARNING] - Timeout '0' is invalid. Using default page load timeout: '30'

2018-07-12 03:15:17 - [MESSAGE][PASSED] - Scroll to object 'Object Repository/BEP/Generic/FINISH_ASSIGNMENT' successfully

2018-07-12 03:15:28 - [MESSAGE][PASSED] - Delayed 5 second(s)

2018-07-12 03:15:31 - [MESSAGE][PASSED] - Wait for page load successfully

2018-07-12 03:15:31 - [MESSAGE][PASSED] - com.helper.commonfunct.BEP_CommonMethod.RLapprove is PASSED

2018-07-12 03:15:31 - [TEST_STEP][PASSED] - com.helper.commonfunct.commonutilities.searchStatus: com.helper.commonfunct.commonutilities.searchStatus is PASSED

2018-07-12 03:15:34 - [MESSAGE][PASSED] - Wait for page load successfully

2018-07-12 03:15:54 - [MESSAGE][PASSED] - Delayed 2 second(s)

2018-07-12 03:16:02 - [MESSAGE][PASSED] - Delayed 2 second(s)

2018-07-12 03:16:11 - [MESSAGE][PASSED] - com.helper.commonfunct.commonutilities.searchStatus is PASSED

2018-07-12 03:16:11 - [TEST_STEP][PASSED] - Statement - Status = text: null

2018-07-12 03:16:14 - [TEST_STEP][PASSED] - Statement - println(Status): null

2018-07-12 03:16:14 - [TEST_STEP][PASSED] - Statement - If (Status == "Pending-RDApproval"): null

2018-07-12 03:16:14 - [TEST_STEP][PASSED] - Statement - Else If (Status == "Pending-RLApproval"): null

2018-07-12 03:16:14 - [TEST_STEP][PASSED] - Statement - Else If (Status == "Pending-Update"): null

2018-07-12 03:16:14 - [TEST_STEP][PASSED] - Statement - Else If (Status == "Completed"): null

2018-07-12 03:16:14 - [TEST_STEP][PASSED] - Statement - Else If (Status == "Pending-Meeting"): null

2018-07-12 03:16:14 - [TEST_STEP][PASSED] - Statement - Else If (Status == "Pending-EmailCustomer"): com.helper.commonfunct.BEP_CommonMethod.SkipEmail is PASSED

2018-07-12 03:16:14 - [TEST_STEP][PASSED] - Statement - If (SendEmail == true): null

2018-07-12 03:16:14 - [TEST_STEP][PASSED] - Statement - Else: com.helper.commonfunct.BEP_CommonMethod.SkipEmail is PASSED

2018-07-12 03:16:14 - [TEST_STEP][PASSED] - com.helper.commonfunct.commonutilities.login: com.helper.commonfunct.commonutilities.login is PASSED

2018-07-12 03:16:14 - [MESSAGE][WARNING] - A browser is already opened. Closing browser and opening a new one

2018-07-12 03:16:27 - [MESSAGE][PASSED] - Browser is opened with url: ''

2018-07-12 03:16:30 - [MESSAGE][PASSED] - Navigate to 'https://vdaqa.rpega.com:9030/daqa/PRServlet' successfully

2018-07-12 03:16:42 - [MESSAGE][PASSED] - Text 'hendj@pegasystems.com' is set on object 'Object Repository/Generic/input_UserIdentifier'

2018-07-12 03:16:54 - [MESSAGE][PASSED] - Text 'install' is set on object 'Object Repository/Generic/input_Password'

2018-07-12 03:17:02 - [MESSAGE][PASSED] - Keys 'ENTER + ' sent to object: 'Object Repository/Generic/input_Password'

2018-07-12 03:17:02 - [MESSAGE][PASSED] - com.helper.commonfunct.commonutilities.login is PASSED

2018-07-12 03:17:02 - [TEST_STEP][PASSED] - com.helper.commonfunct.commonutilities.search: com.helper.commonfunct.commonutilities.search is PASSED

2018-07-12 03:17:07 - [MESSAGE][PASSED] - Current window maximized

2018-07-12 03:17:12 - [MESSAGE][PASSED] - Delayed 5 second(s)

2018-07-12 03:17:24 - [MESSAGE][PASSED] - Text 'BEP-12Jul2018-7' is set on object 'Object Repository/EngInfo/search'

2018-07-12 03:17:27 - [MESSAGE][PASSED] - Delayed 3 second(s)

2018-07-12 03:17:33 - [MESSAGE][PASSED] - Keys 'ENTER + ' sent to object: 'Object Repository/EngInfo/search'

2018-07-12 03:17:40 - [MESSAGE][WARNING] - No alert found after 3 second(s).
[[ATTACHMENT|C:\\DAUIAutomation\\Reports\\Estimate\\20180712_020650\\1531379856844.png]]

2018-07-12 03:17:43 - [MESSAGE][PASSED] - Wait for page load successfully

2018-07-12 03:17:43 - [MESSAGE][PASSED] - com.helper.commonfunct.commonutilities.search is PASSED

2018-07-12 03:17:43 - [TEST_STEP][PASSED] - com.helper.commonfunct.BEP_CommonMethod.SkipEmail: com.helper.commonfunct.BEP_CommonMethod.SkipEmail is PASSED

2018-07-12 03:17:48 - [MESSAGE][PASSED] - Delayed 5 second(s)

2018-07-12 03:18:04 - [MESSAGE][PASSED] - Delayed 7 second(s)

2018-07-12 03:18:12 - [MESSAGE][PASSED] - Delayed 5 second(s)

2018-07-12 03:18:18 - [MESSAGE][PASSED] - Wait for page load successfully

2018-07-12 03:18:21 - [MESSAGE][PASSED] - Wait for page load successfully

2018-07-12 03:18:24 - [MESSAGE][PASSED] - Wait for page load successfully

2018-07-12 03:18:36 - [MESSAGE][PASSED] - Object: 'Object Repository/BEP/Generic/ECR_CHECKBOX' is clicked on

2018-07-12 03:18:38 - [MESSAGE][PASSED] - Delayed 2 second(s)

2018-07-12 03:18:44 - [MESSAGE][PASSED] - Object: 'Object Repository/BEP/Generic/SKIP_EMAIL_XPATH' is clicked on

2018-07-12 03:18:46 - [MESSAGE][PASSED] - Delayed 2 second(s)

2018-07-12 03:18:53 - [MESSAGE][PASSED] - Keys 'Software Testing' sent to object: 'Object Repository/BEP/Generic/DispositionReason'

2018-07-12 03:18:55 - [MESSAGE][PASSED] - Delayed 2 second(s)

2018-07-12 03:19:19 - [MESSAGE][PASSED] - All options with value 'RFP in process' are selected in object 'Object Repository/BEP/Generic/ReasonCode' 

2018-07-12 03:19:21 - [MESSAGE][PASSED] - Delayed 2 second(s)

2018-07-12 03:19:27 - [MESSAGE][PASSED] - Object: 'Object Repository/BEP/Generic/test' is clicked on

2018-07-12 03:19:29 - [MESSAGE][PASSED] - Delayed 2 second(s)

2018-07-12 03:19:35 - [MESSAGE][PASSED] - Object: 'Object Repository/BEP/Generic/Modal_OK' is clicked on

2018-07-12 03:19:40 - [MESSAGE][PASSED] - Delayed 5 second(s)

2018-07-12 03:19:40 - [MESSAGE][PASSED] - com.helper.commonfunct.BEP_CommonMethod.SkipEmail is PASSED

2018-07-12 03:19:40 - [TEST_STEP][PASSED] - com.helper.commonfunct.commonutilities.searchStatus: com.helper.commonfunct.commonutilities.searchStatus is PASSED

2018-07-12 03:19:43 - [MESSAGE][PASSED] - Wait for page load successfully

[...]

2018-07-12 06:14:35 - [MESSAGE][PASSED] - Wait for page load successfully

2018-07-12 06:14:38 - [MESSAGE][PASSED] - Wait for page load successfully

2018-07-12 06:14:41 - [MESSAGE][PASSED] - Wait for page load successfully

2018-07-12 06:14:53 - [MESSAGE][PASSED] - Scroll to object 'Object Repository/Generic/NEXT_BUTTON' successfully

2018-07-12 06:14:59 - [MESSAGE][PASSED] - Object: 'Object Repository/Generic/NEXT_BUTTON' is clicked on

2018-07-12 06:15:04 - [MESSAGE][PASSED] - Delayed 5 second(s)

2018-07-12 06:15:04 - [MESSAGE][WARNING] - Timeout '0' is invalid. Using default page load timeout: '30'

2018-07-12 06:15:10 - [MESSAGE][PASSED] - Scroll to object 'Object Repository/BEP/Generic/RD_RL_REJECT' successfully

2018-07-12 06:15:16 - [MESSAGE][PASSED] - Object: 'Object Repository/BEP/Generic/RD_RL_REJECT' is clicked on

2018-07-12 06:15:21 - [MESSAGE][PASSED] - Delayed 5 second(s)

2018-07-12 06:15:34 - [MESSAGE][PASSED] - Text 'Software Testing' is set on object 'Object Repository/BEP/Generic/BEP_CASENOTES'

2018-07-12 06:15:39 - [MESSAGE][PASSED] - Delayed 5 second(s)

2018-07-12 06:15:39 - [MESSAGE][WARNING] - Timeout '0' is invalid. Using default page load timeout: '30'

2018-07-12 06:15:45 - [MESSAGE][PASSED] - Scroll to object 'Object Repository/BEP/Generic/FINISH_ASSIGNMENT' successfully

2018-07-12 06:15:56 - [MESSAGE][PASSED] - Delayed 5 second(s)

2018-07-12 06:15:56 - [MESSAGE][PASSED] - com.helper.commonfunct.BEP_CommonMethod.RLreject is PASSED

2018-07-12 06:15:56 - [TEST_STEP][PASSED] - Statement - RLReject = false: null

2018-07-12 06:15:56 - [TEST_STEP][PASSED] - Statement - print(RLReject): null

2018-07-12 06:15:56 - [TEST_STEP][PASSED] - com.helper.commonfunct.commonutilities.searchStatus: com.helper.commonfunct.commonutilities.searchStatus is PASSED

2018-07-12 06:15:59 - [MESSAGE][PASSED] - Wait for page load successfully

2018-07-12 06:16:19 - [MESSAGE][PASSED] - Delayed 2 second(s)

2018-07-12 06:16:27 - [MESSAGE][PASSED] - Delayed 2 second(s)

2018-07-12 06:16:36 - [MESSAGE][PASSED] - com.helper.commonfunct.commonutilities.searchStatus is PASSED

2018-07-12 06:16:36 - [TEST_STEP][PASSED] - Statement - Status = text: null

2018-07-12 06:16:39 - [TEST_STEP][PASSED] - Statement - println(Status): null

2018-07-12 06:16:39 - [TEST_STEP][PASSED] - Statement - If (Status == "Pending-RDApproval"): null

2018-07-12 06:16:39 - [TEST_STEP][PASSED] - Statement - Else If (Status == "Pending-RLApproval"): null

2018-07-12 06:16:39 - [TEST_STEP][PASSED] - Statement - Else If (Status == "Pending-Update"): com.helper.commonfunct.BEP_CommonMethod.Update is PASSED

2018-07-12 06:16:39 - [TEST_STEP][PASSED] - com.helper.commonfunct.commonutilities.login: com.helper.commonfunct.commonutilities.login is PASSED

2018-07-12 06:16:39 - [MESSAGE][WARNING] - A browser is already opened. Closing browser and opening a new one

2018-07-12 06:16:52 - [MESSAGE][PASSED] - Browser is opened with url: ''

2018-07-12 06:16:55 - [MESSAGE][PASSED] - Navigate to 'https://vdaqa.rpega.com:9030/daqa/PRServlet' successfully

2018-07-12 06:17:08 - [MESSAGE][PASSED] - Text 'hendj@pegasystems.com' is set on object 'Object Repository/Generic/input_UserIdentifier'

2018-07-12 06:17:20 - [MESSAGE][PASSED] - Text 'install' is set on object 'Object Repository/Generic/input_Password'

2018-07-12 06:17:28 - [MESSAGE][PASSED] - Keys 'ENTER + ' sent to object: 'Object Repository/Generic/input_Password'

2018-07-12 06:17:28 - [MESSAGE][PASSED] - com.helper.commonfunct.commonutilities.login is PASSED

2018-07-12 06:17:28 - [TEST_STEP][PASSED] - com.helper.commonfunct.commonutilities.search: com.helper.commonfunct.commonutilities.search is PASSED

2018-07-12 06:17:32 - [MESSAGE][PASSED] - Current window maximized

2018-07-12 06:17:37 - [MESSAGE][PASSED] - Delayed 5 second(s)

2018-07-12 06:17:49 - [MESSAGE][PASSED] - Text 'BEP-12Jul2018-23' is set on object 'Object Repository/EngInfo/search'

2018-07-12 06:17:52 - [MESSAGE][PASSED] - Delayed 3 second(s)

2018-07-12 06:17:58 - [MESSAGE][PASSED] - Keys 'ENTER + ' sent to object: 'Object Repository/EngInfo/search'

2018-07-12 06:18:05 - [MESSAGE][WARNING] - No alert found after 3 second(s).
[[ATTACHMENT|C:\\DAUIAutomation\\Reports\\Estimate\\20180712_020650\\1531390682387.png]]

2018-07-12 06:18:08 - [MESSAGE][PASSED] - Wait for page load successfully

2018-07-12 06:18:08 - [MESSAGE][PASSED] - com.helper.commonfunct.commonutilities.search is PASSED

2018-07-12 06:18:08 - [TEST_STEP][PASSED] - com.helper.commonfunct.BEP_CommonMethod.Update: com.helper.commonfunct.BEP_CommonMethod.Update is PASSED

2018-07-12 06:18:13 - [MESSAGE][PASSED] - Delayed 5 second(s)

2018-07-12 06:18:29 - [MESSAGE][PASSED] - Delayed 7 second(s)

2018-07-12 06:18:37 - [MESSAGE][PASSED] - Delayed 5 second(s)

2018-07-12 06:18:44 - [MESSAGE][PASSED] - Wait for page load successfully

2018-07-12 06:18:47 - [MESSAGE][PASSED] - Wait for page load successfully

2018-07-12 06:18:50 - [MESSAGE][PASSED] - Wait for page load successfully

2018-07-12 06:19:02 - [MESSAGE][PASSED] - Scroll to object 'Object Repository/Generic/NEXT_BUTTON' successfully

2018-07-12 06:19:08 - [MESSAGE][PASSED] - Object: 'Object Repository/Generic/NEXT_BUTTON' is clicked on

2018-07-12 06:19:13 - [MESSAGE][PASSED] - Delayed 5 second(s)

2018-07-12 06:19:19 - [MESSAGE][PASSED] - Object: 'Object Repository/Generic/NEXT_BUTTON' is clicked on

2018-07-12 06:19:31 - [MESSAGE][PASSED] - Text 'Software Testing' is set on object 'Object Repository/BEP/Generic/BEP_CASENOTES'

2018-07-12 06:19:36 - [MESSAGE][PASSED] - Delayed 5 second(s)

2018-07-12 06:19:43 - [MESSAGE][PASSED] - Object: 'Object Repository/Generic/NEXT_BUTTON' is clicked on

2018-07-12 06:19:43 - [MESSAGE][WARNING] - Timeout '0' is invalid. Using default page load timeout: '30'

2018-07-12 06:19:49 - [MESSAGE][PASSED] - Scroll to object 'Object Repository/BEP/Generic/FINISH_ASSIGNMENT' successfully

2018-07-12 06:20:00 - [MESSAGE][PASSED] - Delayed 5 second(s)

2018-07-12 06:20:00 - [MESSAGE][PASSED] - com.helper.commonfunct.BEP_CommonMethod.Update is PASSED

2018-07-12 06:20:00 - [TEST_STEP][PASSED] - com.helper.commonfunct.commonutilities.searchStatus: com.helper.commonfunct.commonutilities.searchStatus is PASSED

2018-07-12 06:20:03 - [MESSAGE][PASSED] - Wait for page load successfully

2018-07-12 06:20:23 - [MESSAGE][PASSED] - Delayed 2 second(s)

2018-07-12 06:20:31 - [MESSAGE][PASSED] - Delayed 2 second(s)

2018-07-12 06:20:40 - [MESSAGE][PASSED] - com.helper.commonfunct.commonutilities.searchStatus is PASSED

2018-07-12 06:20:40 - [TEST_STEP][PASSED] - Statement - Status = text: null

2018-07-12 06:20:43 - [TEST_STEP][PASSED] - Statement - println(Status): null

2018-07-12 06:20:43 - [TEST_STEP][PASSED] - Statement - If (Status == "Pending-RDApproval"): com.helper.commonfunct.BEP_CommonMethod.RDapprove is PASSED

2018-07-12 06:20:43 - [TEST_STEP][PASSED] - Statement - If (RDReject == false): com.helper.commonfunct.BEP_CommonMethod.RDapprove is PASSED

2018-07-12 06:20:43 - [TEST_STEP][PASSED] - Statement - If (RouteToRL == true): com.helper.commonfunct.BEP_CommonMethod.RDapprove is PASSED

2018-07-12 06:20:43 - [TEST_STEP][PASSED] - com.helper.commonfunct.commonutilities.login: com.helper.commonfunct.commonutilities.login is PASSED

2018-07-12 06:20:43 - [MESSAGE][WARNING] - A browser is already opened. Closing browser and opening a new one

2018-07-12 06:20:56 - [MESSAGE][PASSED] - Browser is opened with url: ''

2018-07-12 06:20:59 - [MESSAGE][PASSED] - Navigate to 'https://vdaqa.rpega.com:9030/daqa/PRServlet' successfully

2018-07-12 06:21:11 - [MESSAGE][PASSED] - Text 'waink@pegasystems.com' is set on object 'Object Repository/Generic/input_UserIdentifier'

2018-07-12 06:21:24 - [MESSAGE][PASSED] - Text 'install' is set on object 'Object Repository/Generic/input_Password'

2018-07-12 06:21:32 - [MESSAGE][PASSED] - Keys 'ENTER + ' sent to object: 'Object Repository/Generic/input_Password'

2018-07-12 06:21:32 - [MESSAGE][PASSED] - com.helper.commonfunct.commonutilities.login is PASSED

2018-07-12 06:21:32 - [TEST_STEP][PASSED] - com.helper.commonfunct.commonutilities.search: com.helper.commonfunct.commonutilities.search is PASSED

2018-07-12 06:21:36 - [MESSAGE][PASSED] - Current window maximized

2018-07-12 06:21:41 - [MESSAGE][PASSED] - Delayed 5 second(s)

2018-07-12 06:21:53 - [MESSAGE][PASSED] - Text 'BEP-12Jul2018-23' is set on object 'Object Repository/EngInfo/search'

2018-07-12 06:21:56 - [MESSAGE][PASSED] - Delayed 3 second(s)

2018-07-12 06:22:02 - [MESSAGE][PASSED] - Keys 'ENTER + ' sent to object: 'Object Repository/EngInfo/search'

2018-07-12 06:22:09 - [MESSAGE][WARNING] - No alert found after 3 second(s).
[[ATTACHMENT|C:\\DAUIAutomation\\Reports\\Estimate\\20180712_020650\\1531390926167.png]]

2018-07-12 06:22:12 - [MESSAGE][PASSED] - Wait for page load successfully

2018-07-12 06:22:12 - [MESSAGE][PASSED] - com.helper.commonfunct.commonutilities.search is PASSED

2018-07-12 06:22:12 - [TEST_STEP][PASSED] - com.helper.commonfunct.BEP_CommonMethod.RDapprove: com.helper.commonfunct.BEP_CommonMethod.RDapprove is PASSED

2018-07-12 06:22:17 - [MESSAGE][PASSED] - Delayed 5 second(s)

2018-07-12 06:22:33 - [MESSAGE][PASSED] - Delayed 7 second(s)

2018-07-12 06:22:41 - [MESSAGE][PASSED] - Delayed 5 second(s)

2018-07-12 06:22:47 - [MESSAGE][PASSED] - Wait for page load successfully

2018-07-12 06:22:50 - [MESSAGE][PASSED] - Wait for page load successfully

2018-07-12 06:22:53 - [MESSAGE][PASSED] - Wait for page load successfully

2018-07-12 06:23:05 - [MESSAGE][PASSED] - Scroll to object 'Object Repository/Generic/NEXT_BUTTON' successfully

2018-07-12 06:23:12 - [MESSAGE][PASSED] - Object: 'Object Repository/Generic/NEXT_BUTTON' is clicked on

2018-07-12 06:23:17 - [MESSAGE][PASSED] - Delayed 5 second(s)

2018-07-12 06:23:23 - [MESSAGE][PASSED] - Scroll to object 'Object Repository/BEP/Generic/RD_RLApprove' successfully

2018-07-12 06:23:29 - [MESSAGE][PASSED] - Object: 'Object Repository/BEP/Generic/RD_RLApprove' is clicked on

2018-07-12 06:23:34 - [MESSAGE][PASSED] - Delayed 5 second(s)

2018-07-12 06:23:46 - [MESSAGE][PASSED] - Text 'Software Testing' is set on object 'Object Repository/BEP/Generic/BEP_CASENOTES'

2018-07-12 06:23:51 - [MESSAGE][PASSED] - Delayed 5 second(s)

2018-07-12 06:23:57 - [MESSAGE][PASSED] - Scroll to object 'Object Repository/BEP/Generic/FINISH_ASSIGNMENT' successfully

2018-07-12 06:24:06 - [MESSAGE][PASSED] - Wait for page load successfully

2018-07-12 06:24:06 - [MESSAGE][PASSED] - com.helper.commonfunct.BEP_CommonMethod.RDapprove is PASSED

2018-07-12 06:24:06 - [TEST_STEP][PASSED] - com.helper.commonfunct.commonutilities.searchStatus: com.helper.commonfunct.commonutilities.searchStatus is PASSED

2018-07-12 06:24:09 - [MESSAGE][PASSED] - Wait for page load successfully

2018-07-12 06:24:29 - [MESSAGE][PASSED] - Delayed 2 second(s)

2018-07-12 06:24:37 - [MESSAGE][PASSED] - Delayed 2 second(s)

2018-07-12 06:24:46 - [MESSAGE][PASSED] - com.helper.commonfunct.commonutilities.searchStatus is PASSED

2018-07-12 06:24:46 - [TEST_STEP][PASSED] - Statement - Status = text: null

2018-07-12 06:24:49 - [TEST_STEP][PASSED] - Statement - println(Status): null

2018-07-12 06:24:49 - [TEST_STEP][PASSED] - Statement - If (Status == "Pending-RDApproval"): null

2018-07-12 06:24:49 - [TEST_STEP][PASSED] - Statement - Else If (Status == "Pending-RLApproval"): com.helper.commonfunct.BEP_CommonMethod.RLapprove is PASSED

2018-07-12 06:24:49 - [TEST_STEP][PASSED] - Statement - If (RLReject == false): com.helper.commonfunct.BEP_CommonMethod.RLapprove is PASSED

2018-07-12 06:24:49 - [TEST_STEP][PASSED] - com.helper.commonfunct.commonutilities.login: com.helper.commonfunct.commonutilities.login is PASSED

2018-07-12 06:24:49 - [MESSAGE][WARNING] - A browser is already opened. Closing browser and opening a new one

2018-07-12 06:25:02 - [MESSAGE][PASSED] - Browser is opened with url: ''

2018-07-12 06:25:06 - [MESSAGE][PASSED] - Navigate to 'https://vdaqa.rpega.com:9030/daqa/PRServlet' successfully

2018-07-12 06:25:18 - [MESSAGE][PASSED] - Text 'panee@pegasystems.com' is set on object 'Object Repository/Generic/input_UserIdentifier'

2018-07-12 06:25:30 - [MESSAGE][PASSED] - Text 'install' is set on object 'Object Repository/Generic/input_Password'

2018-07-12 06:25:38 - [MESSAGE][PASSED] - Keys 'ENTER + ' sent to object: 'Object Repository/Generic/input_Password'

2018-07-12 06:25:38 - [MESSAGE][PASSED] - com.helper.commonfunct.commonutilities.login is PASSED

2018-07-12 06:25:38 - [TEST_STEP][PASSED] - com.helper.commonfunct.commonutilities.search: com.helper.commonfunct.commonutilities.search is PASSED

2018-07-12 06:25:42 - [MESSAGE][PASSED] - Current window maximized

2018-07-12 06:25:47 - [MESSAGE][PASSED] - Delayed 5 second(s)

2018-07-12 06:25:59 - [MESSAGE][PASSED] - Text 'BEP-12Jul2018-23' is set on object 'Object Repository/EngInfo/search'

2018-07-12 06:26:02 - [MESSAGE][PASSED] - Delayed 3 second(s)

2018-07-12 06:26:09 - [MESSAGE][PASSED] - Keys 'ENTER + ' sent to object: 'Object Repository/EngInfo/search'

2018-07-12 06:26:16 - [MESSAGE][WARNING] - No alert found after 3 second(s).
[[ATTACHMENT|C:\\DAUIAutomation\\Reports\\Estimate\\20180712_020650\\1531391172640.png]]

2018-07-12 06:26:19 - [MESSAGE][PASSED] - Wait for page load successfully

2018-07-12 06:26:19 - [MESSAGE][PASSED] - com.helper.commonfunct.commonutilities.search is PASSED

2018-07-12 06:26:19 - [TEST_STEP][PASSED] - com.helper.commonfunct.BEP_CommonMethod.RLapprove: com.helper.commonfunct.BEP_CommonMethod.RLapprove is PASSED

2018-07-12 06:26:24 - [MESSAGE][PASSED] - Delayed 5 second(s)

2018-07-12 06:26:40 - [MESSAGE][PASSED] - Delayed 7 second(s)

2018-07-12 06:26:48 - [MESSAGE][PASSED] - Delayed 5 second(s)

2018-07-12 06:26:54 - [MESSAGE][PASSED] - Wait for page load successfully

2018-07-12 06:26:57 - [MESSAGE][PASSED] - Wait for page load successfully

2018-07-12 06:27:00 - [MESSAGE][PASSED] - Wait for page load successfully

2018-07-12 06:27:12 - [MESSAGE][PASSED] - Scroll to object 'Object Repository/Generic/NEXT_BUTTON' successfully

2018-07-12 06:27:19 - [MESSAGE][PASSED] - Object: 'Object Repository/Generic/NEXT_BUTTON' is clicked on

2018-07-12 06:27:24 - [MESSAGE][PASSED] - Delayed 5 second(s)

2018-07-12 06:27:24 - [MESSAGE][WARNING] - Timeout '0' is invalid. Using default page load timeout: '30'

2018-07-12 06:27:30 - [MESSAGE][PASSED] - Scroll to object 'Object Repository/BEP/Generic/RD_RLApprove' successfully

2018-07-12 06:27:36 - [MESSAGE][PASSED] - Object: 'Object Repository/BEP/Generic/RD_RLApprove' is clicked on

2018-07-12 06:27:41 - [MESSAGE][PASSED] - Delayed 5 second(s)

2018-07-12 06:27:53 - [MESSAGE][PASSED] - Text 'Software Testing' is set on object 'Object Repository/BEP/Generic/BEP_CASENOTES'

2018-07-12 06:27:58 - [MESSAGE][PASSED] - Delayed 5 second(s)

2018-07-12 06:27:58 - [MESSAGE][WARNING] - Timeout '0' is invalid. Using default page load timeout: '30'

2018-07-12 06:28:04 - [MESSAGE][PASSED] - Scroll to object 'Object Repository/BEP/Generic/FINISH_ASSIGNMENT' successfully

2018-07-12 06:28:15 - [MESSAGE][PASSED] - Delayed 5 second(s)

2018-07-12 06:28:18 - [MESSAGE][PASSED] - Wait for page load successfully

2018-07-12 06:28:18 - [MESSAGE][PASSED] - com.helper.commonfunct.BEP_CommonMethod.RLapprove is PASSED

2018-07-12 06:28:18 - [TEST_STEP][PASSED] - com.helper.commonfunct.commonutilities.searchStatus: com.helper.commonfunct.commonutilities.searchStatus is PASSED

2018-07-12 06:28:21 - [MESSAGE][PASSED] - Wait for page load successfully

2018-07-12 06:28:36 - [MESSAGE][PASSED] - com.helper.commonfunct.commonutilities.searchStatus is PASSED

2018-07-12 06:28:36 - [MESSAGE][PASSED] - Call Test Case 'Test Cases/BEP/Create_Approve_Reject/All_Approval_Reject' successfully]]></system-out>
         <system-err><![CDATA[]]></system-err>
      </testcase>
      <system-out><![CDATA[2018-07-12 02:06:55 - [TEST_SUITE][FAILED] - Estimate: Test Cases/BEP/Create_Approve_Reject/CreateBEP_Approve_DataDriven FAILED because (of) Unable to scroll to object 'Object Repository/Generic/NEXT_BUTTON' (Root cause: org.openqa.selenium.UnhandledAlertException: unexpected alert open: {Alert text : Please correct flagged fields before submitting the form!}
  (Session info: chrome=67.0.3396.87)
  (Driver info: chromedriver=2.35.528161 (5b82f2d2aae0ca24b877009200ced9065a772e73),platform=Windows NT 6.1.7601 SP1 x86_64) (WARNING: The server did not provide any stacktrace information)
Command duration or timeout: 0 milliseconds: null
Build info: version: '3.7.1', revision: '8a0099a', time: '2017-11-06T21:07:36.161Z'
System info: host: 'L22622WUS', ip: '10.2.202.226', os.name: 'Windows 7', os.arch: 'amd64', os.version: '6.1', java.version: '1.8.0_102'
Driver info: com.kms.katalon.selenium.driver.CChromeDriver
Capabilities {acceptInsecureCerts: false, acceptSslCerts: false, applicationCacheEnabled: false, browserConnectionEnabled: false, browserName: chrome, chrome: {chromedriverVersion: 2.35.528161 (5b82f2d2aae0ca..., userDataDir: C:\Users\nipin\AppData\Loca...}, cssSelectorsEnabled: true, databaseEnabled: false, handlesAlerts: true, hasTouchScreen: false, javascriptEnabled: true, locationContextEnabled: true, mobileEmulationEnabled: false, nativeEvents: true, networkConnectionEnabled: false, pageLoadStrategy: normal, platform: XP, platformName: XP, rotatable: false, setWindowRect: true, takesHeapSnapshot: true, takesScreenshot: true, unexpectedAlertBehaviour: , unhandledPromptBehavior: , version: 67.0.3396.87, webStorageEnabled: true}
Session ID: 93d43f5b9d4c91d5e2b8f72b2adcbaec
*** Element info: {Using=xpath, value=//button[@alt='Move to the next screen']})]]></system-out>
      <system-err><![CDATA[2018-07-12 02:06:55 - [TEST_SUITE][FAILED] - Estimate: Test Cases/BEP/Create_Approve_Reject/CreateBEP_Approve_DataDriven FAILED because (of) Unable to scroll to object 'Object Repository/Generic/NEXT_BUTTON' (Root cause: org.openqa.selenium.UnhandledAlertException: unexpected alert open: {Alert text : Please correct flagged fields before submitting the form!}
  (Session info: chrome=67.0.3396.87)
  (Driver info: chromedriver=2.35.528161 (5b82f2d2aae0ca24b877009200ced9065a772e73),platform=Windows NT 6.1.7601 SP1 x86_64) (WARNING: The server did not provide any stacktrace information)
Command duration or timeout: 0 milliseconds: null
Build info: version: '3.7.1', revision: '8a0099a', time: '2017-11-06T21:07:36.161Z'
System info: host: 'L22622WUS', ip: '10.2.202.226', os.name: 'Windows 7', os.arch: 'amd64', os.version: '6.1', java.version: '1.8.0_102'
Driver info: com.kms.katalon.selenium.driver.CChromeDriver
Capabilities {acceptInsecureCerts: false, acceptSslCerts: false, applicationCacheEnabled: false, browserConnectionEnabled: false, browserName: chrome, chrome: {chromedriverVersion: 2.35.528161 (5b82f2d2aae0ca..., userDataDir: C:\Users\nipin\AppData\Loca...}, cssSelectorsEnabled: true, databaseEnabled: false, handlesAlerts: true, hasTouchScreen: false, javascriptEnabled: true, locationContextEnabled: true, mobileEmulationEnabled: false, nativeEvents: true, networkConnectionEnabled: false, pageLoadStrategy: normal, platform: XP, platformName: XP, rotatable: false, setWindowRect: true, takesHeapSnapshot: true, takesScreenshot: true, unexpectedAlertBehaviour: , unhandledPromptBehavior: , version: 67.0.3396.87, webStorageEnabled: true}
Session ID: 93d43f5b9d4c91d5e2b8f72b2adcbaec
*** Element info: {Using=xpath, value=//button[@alt='Move to the next screen']})]]></system-err>
   </testsuite>
</testsuites>
